INFO:root:
Selector: High Level Ordering of Strategies
| Sequence: Priority Attack Strategy
| | Check: have_sufficient_defenses
| | Action: priority_attack

DEBUG:root:Executing:Selector: High Level Ordering of Strategies
DEBUG:root:Executing:Sequence: Priority Attack Strategy
DEBUG:root:Executing:Check: have_sufficient_defenses
DEBUG:root:Result: Check: have_sufficient_defenses -> Success
DEBUG:root:Executing:Action: priority_attack
DEBUG:root:Order:1 3 17.0
DEBUG:root:Result: Action: priority_attack -> Success
DEBUG:root:Result: Sequence: Priority Attack Strategy -> Success
DEBUG:root:Result: Selector: High Level Ordering of Strategies -> Success
DEBUG:root:Finish turn

DEBUG:root:Executing:Selector: High Level Ordering of Strategies
DEBUG:root:Executing:Sequence: Priority Attack Strategy
DEBUG:root:Executing:Check: have_sufficient_defenses
DEBUG:root:Result: Check: have_sufficient_defenses -> Success
DEBUG:root:Executing:Action: priority_attack
DEBUG:root:Order:1 3 17.0
DEBUG:root:Result: Action: priority_attack -> Success
DEBUG:root:Result: Sequence: Priority Attack Strategy -> Success
DEBUG:root:Result: Selector: High Level Ordering of Strategies -> Success
DEBUG:root:Finish turn

DEBUG:root:Executing:Selector: High Level Ordering of Strategies
DEBUG:root:Executing:Sequence: Priority Attack Strategy
DEBUG:root:Executing:Check: have_sufficient_defenses
DEBUG:root:Result: Check: have_sufficient_defenses -> Success
DEBUG:root:Executing:Action: priority_attack
DEBUG:root:Order:1 4 17.0
DEBUG:root:Result: Action: priority_attack -> Success
DEBUG:root:Result: Sequence: Priority Attack Strategy -> Success
DEBUG:root:Result: Selector: High Level Ordering of Strategies -> Success
DEBUG:root:Finish turn

DEBUG:root:Executing:Selector: High Level Ordering of Strategies
DEBUG:root:Executing:Sequence: Priority Attack Strategy
DEBUG:root:Executing:Check: have_sufficient_defenses
DEBUG:root:Result: Check: have_sufficient_defenses -> Success
DEBUG:root:Executing:Action: priority_attack
DEBUG:root:Order:3 15 24.0
DEBUG:root:Bad order:3 3.0 7.0
DEBUG:root:Result: Action: priority_attack -> Success
DEBUG:root:Result: Sequence: Priority Attack Strategy -> Success
DEBUG:root:Result: Selector: High Level Ordering of Strategies -> Success
DEBUG:root:Finish turn

DEBUG:root:Executing:Selector: High Level Ordering of Strategies
DEBUG:root:Executing:Sequence: Priority Attack Strategy
DEBUG:root:Executing:Check: have_sufficient_defenses
DEBUG:root:Result: Check: have_sufficient_defenses -> Success
DEBUG:root:Executing:Action: priority_attack
DEBUG:root:Result: Action: priority_attack -> Failure
DEBUG:root:Result: Sequence: Priority Attack Strategy -> Failure
DEBUG:root:Result: Selector: High Level Ordering of Strategies -> Failure
DEBUG:root:Finish turn

DEBUG:root:Executing:Selector: High Level Ordering of Strategies
DEBUG:root:Executing:Sequence: Priority Attack Strategy
DEBUG:root:Executing:Check: have_sufficient_defenses
DEBUG:root:Result: Check: have_sufficient_defenses -> Success
DEBUG:root:Executing:Action: priority_attack
DEBUG:root:Order:1 15 31.0
DEBUG:root:Result: Action: priority_attack -> Success
DEBUG:root:Result: Sequence: Priority Attack Strategy -> Success
DEBUG:root:Result: Selector: High Level Ordering of Strategies -> Success
DEBUG:root:Finish turn

DEBUG:root:Executing:Selector: High Level Ordering of Strategies
DEBUG:root:Executing:Sequence: Priority Attack Strategy
DEBUG:root:Executing:Check: have_sufficient_defenses
DEBUG:root:Result: Check: have_sufficient_defenses -> Success
DEBUG:root:Executing:Action: priority_attack
DEBUG:root:Result: Action: priority_attack -> Failure
DEBUG:root:Result: Sequence: Priority Attack Strategy -> Failure
DEBUG:root:Result: Selector: High Level Ordering of Strategies -> Failure
DEBUG:root:Finish turn

DEBUG:root:Executing:Selector: High Level Ordering of Strategies
DEBUG:root:Executing:Sequence: Priority Attack Strategy
DEBUG:root:Executing:Check: have_sufficient_defenses
DEBUG:root:Result: Check: have_sufficient_defenses -> Success
DEBUG:root:Executing:Action: priority_attack
DEBUG:root:Result: Action: priority_attack -> Failure
DEBUG:root:Result: Sequence: Priority Attack Strategy -> Failure
DEBUG:root:Result: Selector: High Level Ordering of Strategies -> Failure
DEBUG:root:Finish turn

DEBUG:root:Executing:Selector: High Level Ordering of Strategies
DEBUG:root:Executing:Sequence: Priority Attack Strategy
DEBUG:root:Executing:Check: have_sufficient_defenses
DEBUG:root:Result: Check: have_sufficient_defenses -> Success
DEBUG:root:Executing:Action: priority_attack
DEBUG:root:Result: Action: priority_attack -> Failure
DEBUG:root:Result: Sequence: Priority Attack Strategy -> Failure
DEBUG:root:Result: Selector: High Level Ordering of Strategies -> Failure
DEBUG:root:Finish turn

DEBUG:root:Executing:Selector: High Level Ordering of Strategies
DEBUG:root:Executing:Sequence: Priority Attack Strategy
DEBUG:root:Executing:Check: have_sufficient_defenses
DEBUG:root:Result: Check: have_sufficient_defenses -> Success
DEBUG:root:Executing:Action: priority_attack
DEBUG:root:Result: Action: priority_attack -> Failure
DEBUG:root:Result: Sequence: Priority Attack Strategy -> Failure
DEBUG:root:Result: Selector: High Level Ordering of Strategies -> Failure
DEBUG:root:Finish turn

DEBUG:root:Executing:Selector: High Level Ordering of Strategies
DEBUG:root:Executing:Sequence: Priority Attack Strategy
DEBUG:root:Executing:Check: have_sufficient_defenses
DEBUG:root:Result: Check: have_sufficient_defenses -> Success
DEBUG:root:Executing:Action: priority_attack
DEBUG:root:Result: Action: priority_attack -> Failure
DEBUG:root:Result: Sequence: Priority Attack Strategy -> Failure
DEBUG:root:Result: Selector: High Level Ordering of Strategies -> Failure
DEBUG:root:Finish turn

DEBUG:root:Executing:Selector: High Level Ordering of Strategies
DEBUG:root:Executing:Sequence: Priority Attack Strategy
DEBUG:root:Executing:Check: have_sufficient_defenses
DEBUG:root:Result: Check: have_sufficient_defenses -> Success
DEBUG:root:Executing:Action: priority_attack
DEBUG:root:Order:1 16 31.0
DEBUG:root:Result: Action: priority_attack -> Success
DEBUG:root:Result: Sequence: Priority Attack Strategy -> Success
DEBUG:root:Result: Selector: High Level Ordering of Strategies -> Success
DEBUG:root:Finish turn

DEBUG:root:Executing:Selector: High Level Ordering of Strategies
DEBUG:root:Executing:Sequence: Priority Attack Strategy
DEBUG:root:Executing:Check: have_sufficient_defenses
DEBUG:root:Result: Check: have_sufficient_defenses -> Success
DEBUG:root:Executing:Action: priority_attack
DEBUG:root:Result: Action: priority_attack -> Failure
DEBUG:root:Result: Sequence: Priority Attack Strategy -> Failure
DEBUG:root:Result: Selector: High Level Ordering of Strategies -> Failure
DEBUG:root:Finish turn

DEBUG:root:Executing:Selector: High Level Ordering of Strategies
DEBUG:root:Executing:Sequence: Priority Attack Strategy
DEBUG:root:Executing:Check: have_sufficient_defenses
DEBUG:root:Result: Check: have_sufficient_defenses -> Success
DEBUG:root:Executing:Action: priority_attack
DEBUG:root:Result: Action: priority_attack -> Failure
DEBUG:root:Result: Sequence: Priority Attack Strategy -> Failure
DEBUG:root:Result: Selector: High Level Ordering of Strategies -> Failure
DEBUG:root:Finish turn

DEBUG:root:Executing:Selector: High Level Ordering of Strategies
DEBUG:root:Executing:Sequence: Priority Attack Strategy
DEBUG:root:Executing:Check: have_sufficient_defenses
DEBUG:root:Result: Check: have_sufficient_defenses -> Success
DEBUG:root:Executing:Action: priority_attack
DEBUG:root:Result: Action: priority_attack -> Failure
DEBUG:root:Result: Sequence: Priority Attack Strategy -> Failure
DEBUG:root:Result: Selector: High Level Ordering of Strategies -> Failure
DEBUG:root:Finish turn

DEBUG:root:Executing:Selector: High Level Ordering of Strategies
DEBUG:root:Executing:Sequence: Priority Attack Strategy
DEBUG:root:Executing:Check: have_sufficient_defenses
DEBUG:root:Result: Check: have_sufficient_defenses -> Success
DEBUG:root:Executing:Action: priority_attack
DEBUG:root:Order:3 16 22.0
DEBUG:root:Bad order:3 5.0 9.0
DEBUG:root:Result: Action: priority_attack -> Success
DEBUG:root:Result: Sequence: Priority Attack Strategy -> Success
DEBUG:root:Result: Selector: High Level Ordering of Strategies -> Success
DEBUG:root:Finish turn

DEBUG:root:Executing:Selector: High Level Ordering of Strategies
DEBUG:root:Executing:Sequence: Priority Attack Strategy
DEBUG:root:Executing:Check: have_sufficient_defenses
DEBUG:root:Result: Check: have_sufficient_defenses -> Success
DEBUG:root:Executing:Action: priority_attack
DEBUG:root:Result: Action: priority_attack -> Failure
DEBUG:root:Result: Sequence: Priority Attack Strategy -> Failure
DEBUG:root:Result: Selector: High Level Ordering of Strategies -> Failure
DEBUG:root:Finish turn

DEBUG:root:Executing:Selector: High Level Ordering of Strategies
DEBUG:root:Executing:Sequence: Priority Attack Strategy
DEBUG:root:Executing:Check: have_sufficient_defenses
DEBUG:root:Result: Check: have_sufficient_defenses -> Success
DEBUG:root:Executing:Action: priority_attack
DEBUG:root:Order:1 16 31.0
DEBUG:root:Result: Action: priority_attack -> Success
DEBUG:root:Result: Sequence: Priority Attack Strategy -> Success
DEBUG:root:Result: Selector: High Level Ordering of Strategies -> Success
DEBUG:root:Finish turn

DEBUG:root:Executing:Selector: High Level Ordering of Strategies
DEBUG:root:Executing:Sequence: Priority Attack Strategy
DEBUG:root:Executing:Check: have_sufficient_defenses
DEBUG:root:Result: Check: have_sufficient_defenses -> Success
DEBUG:root:Executing:Action: priority_attack
DEBUG:root:Result: Action: priority_attack -> Failure
DEBUG:root:Result: Sequence: Priority Attack Strategy -> Failure
DEBUG:root:Result: Selector: High Level Ordering of Strategies -> Failure
DEBUG:root:Finish turn

DEBUG:root:Executing:Selector: High Level Ordering of Strategies
DEBUG:root:Executing:Sequence: Priority Attack Strategy
DEBUG:root:Executing:Check: have_sufficient_defenses
DEBUG:root:Result: Check: have_sufficient_defenses -> Success
DEBUG:root:Executing:Action: priority_attack
DEBUG:root:Result: Action: priority_attack -> Failure
DEBUG:root:Result: Sequence: Priority Attack Strategy -> Failure
DEBUG:root:Result: Selector: High Level Ordering of Strategies -> Failure
DEBUG:root:Finish turn

DEBUG:root:Executing:Selector: High Level Ordering of Strategies
DEBUG:root:Executing:Sequence: Priority Attack Strategy
DEBUG:root:Executing:Check: have_sufficient_defenses
DEBUG:root:Result: Check: have_sufficient_defenses -> Success
DEBUG:root:Executing:Action: priority_attack
DEBUG:root:Result: Action: priority_attack -> Failure
DEBUG:root:Result: Sequence: Priority Attack Strategy -> Failure
DEBUG:root:Result: Selector: High Level Ordering of Strategies -> Failure
DEBUG:root:Finish turn

DEBUG:root:Executing:Selector: High Level Ordering of Strategies
DEBUG:root:Executing:Sequence: Priority Attack Strategy
DEBUG:root:Executing:Check: have_sufficient_defenses
DEBUG:root:Result: Check: have_sufficient_defenses -> Success
DEBUG:root:Executing:Action: priority_attack
DEBUG:root:Result: Action: priority_attack -> Failure
DEBUG:root:Result: Sequence: Priority Attack Strategy -> Failure
DEBUG:root:Result: Selector: High Level Ordering of Strategies -> Failure
DEBUG:root:Finish turn

DEBUG:root:Executing:Selector: High Level Ordering of Strategies
DEBUG:root:Executing:Sequence: Priority Attack Strategy
DEBUG:root:Executing:Check: have_sufficient_defenses
DEBUG:root:Result: Check: have_sufficient_defenses -> Success
DEBUG:root:Executing:Action: priority_attack
DEBUG:root:Result: Action: priority_attack -> Failure
DEBUG:root:Result: Sequence: Priority Attack Strategy -> Failure
DEBUG:root:Result: Selector: High Level Ordering of Strategies -> Failure
DEBUG:root:Finish turn

DEBUG:root:Executing:Selector: High Level Ordering of Strategies
DEBUG:root:Executing:Sequence: Priority Attack Strategy
DEBUG:root:Executing:Check: have_sufficient_defenses
DEBUG:root:Result: Check: have_sufficient_defenses -> Success
DEBUG:root:Executing:Action: priority_attack
DEBUG:root:Result: Action: priority_attack -> Failure
DEBUG:root:Result: Sequence: Priority Attack Strategy -> Failure
DEBUG:root:Result: Selector: High Level Ordering of Strategies -> Failure
DEBUG:root:Finish turn

DEBUG:root:Executing:Selector: High Level Ordering of Strategies
DEBUG:root:Executing:Sequence: Priority Attack Strategy
DEBUG:root:Executing:Check: have_sufficient_defenses
DEBUG:root:Result: Check: have_sufficient_defenses -> Success
DEBUG:root:Executing:Action: priority_attack
DEBUG:root:Order:16 5 36.0
DEBUG:root:Order:16 5 7.0
DEBUG:root:Order:16 5 22.0
DEBUG:root:Result: Action: priority_attack -> Success
DEBUG:root:Result: Sequence: Priority Attack Strategy -> Success
DEBUG:root:Result: Selector: High Level Ordering of Strategies -> Success
DEBUG:root:Finish turn

DEBUG:root:Executing:Selector: High Level Ordering of Strategies
DEBUG:root:Executing:Sequence: Priority Attack Strategy
DEBUG:root:Executing:Check: have_sufficient_defenses
DEBUG:root:Result: Check: have_sufficient_defenses -> Success
DEBUG:root:Executing:Action: priority_attack
DEBUG:root:Result: Action: priority_attack -> Failure
DEBUG:root:Result: Sequence: Priority Attack Strategy -> Failure
DEBUG:root:Result: Selector: High Level Ordering of Strategies -> Failure
DEBUG:root:Finish turn

DEBUG:root:Executing:Selector: High Level Ordering of Strategies
DEBUG:root:Executing:Sequence: Priority Attack Strategy
DEBUG:root:Executing:Check: have_sufficient_defenses
DEBUG:root:Result: Check: have_sufficient_defenses -> Success
DEBUG:root:Executing:Action: priority_attack
DEBUG:root:Result: Action: priority_attack -> Failure
DEBUG:root:Result: Sequence: Priority Attack Strategy -> Failure
DEBUG:root:Result: Selector: High Level Ordering of Strategies -> Failure
DEBUG:root:Finish turn

DEBUG:root:Executing:Selector: High Level Ordering of Strategies
DEBUG:root:Executing:Sequence: Priority Attack Strategy
DEBUG:root:Executing:Check: have_sufficient_defenses
DEBUG:root:Result: Check: have_sufficient_defenses -> Success
DEBUG:root:Executing:Action: priority_attack
DEBUG:root:Result: Action: priority_attack -> Failure
DEBUG:root:Result: Sequence: Priority Attack Strategy -> Failure
DEBUG:root:Result: Selector: High Level Ordering of Strategies -> Failure
DEBUG:root:Finish turn

DEBUG:root:Executing:Selector: High Level Ordering of Strategies
DEBUG:root:Executing:Sequence: Priority Attack Strategy
DEBUG:root:Executing:Check: have_sufficient_defenses
DEBUG:root:Result: Check: have_sufficient_defenses -> Success
DEBUG:root:Executing:Action: priority_attack
DEBUG:root:Result: Action: priority_attack -> Failure
DEBUG:root:Result: Sequence: Priority Attack Strategy -> Failure
DEBUG:root:Result: Selector: High Level Ordering of Strategies -> Failure
DEBUG:root:Finish turn

DEBUG:root:Executing:Selector: High Level Ordering of Strategies
DEBUG:root:Executing:Sequence: Priority Attack Strategy
DEBUG:root:Executing:Check: have_sufficient_defenses
DEBUG:root:Result: Check: have_sufficient_defenses -> Success
DEBUG:root:Executing:Action: priority_attack
DEBUG:root:Bad order:3 23.0 61.0
DEBUG:root:Order:3 5 4.0
DEBUG:root:Result: Action: priority_attack -> Success
DEBUG:root:Result: Sequence: Priority Attack Strategy -> Success
DEBUG:root:Result: Selector: High Level Ordering of Strategies -> Success
DEBUG:root:Finish turn

DEBUG:root:Executing:Selector: High Level Ordering of Strategies
DEBUG:root:Executing:Sequence: Priority Attack Strategy
DEBUG:root:Executing:Check: have_sufficient_defenses
DEBUG:root:Result: Check: have_sufficient_defenses -> Success
DEBUG:root:Executing:Action: priority_attack
DEBUG:root:Order:1 5 65.0
DEBUG:root:Result: Action: priority_attack -> Success
DEBUG:root:Result: Sequence: Priority Attack Strategy -> Success
DEBUG:root:Result: Selector: High Level Ordering of Strategies -> Success
DEBUG:root:Finish turn

DEBUG:root:Executing:Selector: High Level Ordering of Strategies
DEBUG:root:Executing:Sequence: Priority Attack Strategy
DEBUG:root:Executing:Check: have_sufficient_defenses
DEBUG:root:Result: Check: have_sufficient_defenses -> Success
DEBUG:root:Executing:Action: priority_attack
DEBUG:root:Result: Action: priority_attack -> Failure
DEBUG:root:Result: Sequence: Priority Attack Strategy -> Failure
DEBUG:root:Result: Selector: High Level Ordering of Strategies -> Failure
DEBUG:root:Finish turn

DEBUG:root:Executing:Selector: High Level Ordering of Strategies
DEBUG:root:Executing:Sequence: Priority Attack Strategy
DEBUG:root:Executing:Check: have_sufficient_defenses
DEBUG:root:Result: Check: have_sufficient_defenses -> Success
DEBUG:root:Executing:Action: priority_attack
DEBUG:root:Result: Action: priority_attack -> Failure
DEBUG:root:Result: Sequence: Priority Attack Strategy -> Failure
DEBUG:root:Result: Selector: High Level Ordering of Strategies -> Failure
DEBUG:root:Finish turn

DEBUG:root:Executing:Selector: High Level Ordering of Strategies
DEBUG:root:Executing:Sequence: Priority Attack Strategy
DEBUG:root:Executing:Check: have_sufficient_defenses
DEBUG:root:Result: Check: have_sufficient_defenses -> Success
DEBUG:root:Executing:Action: priority_attack
DEBUG:root:Result: Action: priority_attack -> Failure
DEBUG:root:Result: Sequence: Priority Attack Strategy -> Failure
DEBUG:root:Result: Selector: High Level Ordering of Strategies -> Failure
DEBUG:root:Finish turn

DEBUG:root:Executing:Selector: High Level Ordering of Strategies
DEBUG:root:Executing:Sequence: Priority Attack Strategy
DEBUG:root:Executing:Check: have_sufficient_defenses
DEBUG:root:Result: Check: have_sufficient_defenses -> Success
DEBUG:root:Executing:Action: priority_attack
DEBUG:root:Result: Action: priority_attack -> Failure
DEBUG:root:Result: Sequence: Priority Attack Strategy -> Failure
DEBUG:root:Result: Selector: High Level Ordering of Strategies -> Failure
DEBUG:root:Finish turn

DEBUG:root:Executing:Selector: High Level Ordering of Strategies
DEBUG:root:Executing:Sequence: Priority Attack Strategy
DEBUG:root:Executing:Check: have_sufficient_defenses
DEBUG:root:Result: Check: have_sufficient_defenses -> Success
DEBUG:root:Executing:Action: priority_attack
DEBUG:root:Result: Action: priority_attack -> Failure
DEBUG:root:Result: Sequence: Priority Attack Strategy -> Failure
DEBUG:root:Result: Selector: High Level Ordering of Strategies -> Failure
DEBUG:root:Finish turn

DEBUG:root:Executing:Selector: High Level Ordering of Strategies
DEBUG:root:Executing:Sequence: Priority Attack Strategy
DEBUG:root:Executing:Check: have_sufficient_defenses
DEBUG:root:Result: Check: have_sufficient_defenses -> Success
DEBUG:root:Executing:Action: priority_attack
DEBUG:root:Result: Action: priority_attack -> Failure
DEBUG:root:Result: Sequence: Priority Attack Strategy -> Failure
DEBUG:root:Result: Selector: High Level Ordering of Strategies -> Failure
DEBUG:root:Finish turn

DEBUG:root:Executing:Selector: High Level Ordering of Strategies
DEBUG:root:Executing:Sequence: Priority Attack Strategy
DEBUG:root:Executing:Check: have_sufficient_defenses
DEBUG:root:Result: Check: have_sufficient_defenses -> Success
DEBUG:root:Executing:Action: priority_attack
DEBUG:root:Order:16 5 36.0
DEBUG:root:Bad order:16 1.0 19.0
DEBUG:root:Bad order:16 1.0 10.0
DEBUG:root:Result: Action: priority_attack -> Success
DEBUG:root:Result: Sequence: Priority Attack Strategy -> Success
DEBUG:root:Result: Selector: High Level Ordering of Strategies -> Success
DEBUG:root:Finish turn

DEBUG:root:Executing:Selector: High Level Ordering of Strategies
DEBUG:root:Executing:Sequence: Priority Attack Strategy
DEBUG:root:Executing:Check: have_sufficient_defenses
DEBUG:root:Result: Check: have_sufficient_defenses -> Success
DEBUG:root:Executing:Action: priority_attack
DEBUG:root:Result: Action: priority_attack -> Failure
DEBUG:root:Result: Sequence: Priority Attack Strategy -> Failure
DEBUG:root:Result: Selector: High Level Ordering of Strategies -> Failure
DEBUG:root:Finish turn

DEBUG:root:Executing:Selector: High Level Ordering of Strategies
DEBUG:root:Executing:Sequence: Priority Attack Strategy
DEBUG:root:Executing:Check: have_sufficient_defenses
DEBUG:root:Result: Check: have_sufficient_defenses -> Success
DEBUG:root:Executing:Action: priority_attack
DEBUG:root:Bad order:3 39.0 46.0
DEBUG:root:Order:3 5 19.0
DEBUG:root:Result: Action: priority_attack -> Success
DEBUG:root:Result: Sequence: Priority Attack Strategy -> Success
DEBUG:root:Result: Selector: High Level Ordering of Strategies -> Success
DEBUG:root:Finish turn

DEBUG:root:Executing:Selector: High Level Ordering of Strategies
DEBUG:root:Executing:Sequence: Priority Attack Strategy
DEBUG:root:Executing:Check: have_sufficient_defenses
DEBUG:root:Result: Check: have_sufficient_defenses -> Success
DEBUG:root:Executing:Action: priority_attack
DEBUG:root:Result: Action: priority_attack -> Failure
DEBUG:root:Result: Sequence: Priority Attack Strategy -> Failure
DEBUG:root:Result: Selector: High Level Ordering of Strategies -> Failure
DEBUG:root:Finish turn

DEBUG:root:Executing:Selector: High Level Ordering of Strategies
DEBUG:root:Executing:Sequence: Priority Attack Strategy
DEBUG:root:Executing:Check: have_sufficient_defenses
DEBUG:root:Result: Check: have_sufficient_defenses -> Success
DEBUG:root:Executing:Action: priority_attack
DEBUG:root:Result: Action: priority_attack -> Failure
DEBUG:root:Result: Sequence: Priority Attack Strategy -> Failure
DEBUG:root:Result: Selector: High Level Ordering of Strategies -> Failure
DEBUG:root:Finish turn

DEBUG:root:Executing:Selector: High Level Ordering of Strategies
DEBUG:root:Executing:Sequence: Priority Attack Strategy
DEBUG:root:Executing:Check: have_sufficient_defenses
DEBUG:root:Result: Check: have_sufficient_defenses -> Success
DEBUG:root:Executing:Action: priority_attack
DEBUG:root:Bad order:3 26.0 61.0
DEBUG:root:Order:3 5 4.0
DEBUG:root:Result: Action: priority_attack -> Success
DEBUG:root:Result: Sequence: Priority Attack Strategy -> Success
DEBUG:root:Result: Selector: High Level Ordering of Strategies -> Success
DEBUG:root:Finish turn

DEBUG:root:Executing:Selector: High Level Ordering of Strategies
DEBUG:root:Executing:Sequence: Priority Attack Strategy
DEBUG:root:Executing:Check: have_sufficient_defenses
DEBUG:root:Result: Check: have_sufficient_defenses -> Success
DEBUG:root:Executing:Action: priority_attack
DEBUG:root:Order:1 5 65.0
DEBUG:root:Result: Action: priority_attack -> Success
DEBUG:root:Result: Sequence: Priority Attack Strategy -> Success
DEBUG:root:Result: Selector: High Level Ordering of Strategies -> Success
DEBUG:root:Finish turn

DEBUG:root:Executing:Selector: High Level Ordering of Strategies
DEBUG:root:Executing:Sequence: Priority Attack Strategy
DEBUG:root:Executing:Check: have_sufficient_defenses
DEBUG:root:Result: Check: have_sufficient_defenses -> Success
DEBUG:root:Executing:Action: priority_attack
DEBUG:root:Result: Action: priority_attack -> Failure
DEBUG:root:Result: Sequence: Priority Attack Strategy -> Failure
DEBUG:root:Result: Selector: High Level Ordering of Strategies -> Failure
DEBUG:root:Finish turn

DEBUG:root:Executing:Selector: High Level Ordering of Strategies
DEBUG:root:Executing:Sequence: Priority Attack Strategy
DEBUG:root:Executing:Check: have_sufficient_defenses
DEBUG:root:Result: Check: have_sufficient_defenses -> Success
DEBUG:root:Executing:Action: priority_attack
DEBUG:root:Result: Action: priority_attack -> Failure
DEBUG:root:Result: Sequence: Priority Attack Strategy -> Failure
DEBUG:root:Result: Selector: High Level Ordering of Strategies -> Failure
DEBUG:root:Finish turn

DEBUG:root:Executing:Selector: High Level Ordering of Strategies
DEBUG:root:Executing:Sequence: Priority Attack Strategy
DEBUG:root:Executing:Check: have_sufficient_defenses
DEBUG:root:Result: Check: have_sufficient_defenses -> Success
DEBUG:root:Executing:Action: priority_attack
DEBUG:root:Result: Action: priority_attack -> Failure
DEBUG:root:Result: Sequence: Priority Attack Strategy -> Failure
DEBUG:root:Result: Selector: High Level Ordering of Strategies -> Failure
DEBUG:root:Finish turn

DEBUG:root:Executing:Selector: High Level Ordering of Strategies
DEBUG:root:Executing:Sequence: Priority Attack Strategy
DEBUG:root:Executing:Check: have_sufficient_defenses
DEBUG:root:Result: Check: have_sufficient_defenses -> Success
DEBUG:root:Executing:Action: priority_attack
DEBUG:root:Result: Action: priority_attack -> Failure
DEBUG:root:Result: Sequence: Priority Attack Strategy -> Failure
DEBUG:root:Result: Selector: High Level Ordering of Strategies -> Failure
DEBUG:root:Finish turn

DEBUG:root:Executing:Selector: High Level Ordering of Strategies
DEBUG:root:Executing:Sequence: Priority Attack Strategy
DEBUG:root:Executing:Check: have_sufficient_defenses
DEBUG:root:Result: Check: have_sufficient_defenses -> Success
DEBUG:root:Executing:Action: priority_attack
DEBUG:root:Result: Action: priority_attack -> Failure
DEBUG:root:Result: Sequence: Priority Attack Strategy -> Failure
DEBUG:root:Result: Selector: High Level Ordering of Strategies -> Failure
DEBUG:root:Finish turn

DEBUG:root:Executing:Selector: High Level Ordering of Strategies
DEBUG:root:Executing:Sequence: Priority Attack Strategy
DEBUG:root:Executing:Check: have_sufficient_defenses
DEBUG:root:Result: Check: have_sufficient_defenses -> Success
DEBUG:root:Executing:Action: priority_attack
DEBUG:root:Result: Action: priority_attack -> Failure
DEBUG:root:Result: Sequence: Priority Attack Strategy -> Failure
DEBUG:root:Result: Selector: High Level Ordering of Strategies -> Failure
DEBUG:root:Finish turn

DEBUG:root:Executing:Selector: High Level Ordering of Strategies
DEBUG:root:Executing:Sequence: Priority Attack Strategy
DEBUG:root:Executing:Check: have_sufficient_defenses
DEBUG:root:Result: Check: have_sufficient_defenses -> Success
DEBUG:root:Executing:Action: priority_attack
DEBUG:root:Order:16 6 36.0
DEBUG:root:Bad order:16 4.0 22.0
DEBUG:root:Bad order:16 4.0 7.0
DEBUG:root:Result: Action: priority_attack -> Success
DEBUG:root:Result: Sequence: Priority Attack Strategy -> Success
DEBUG:root:Result: Selector: High Level Ordering of Strategies -> Success
DEBUG:root:Finish turn

DEBUG:root:Executing:Selector: High Level Ordering of Strategies
DEBUG:root:Executing:Sequence: Priority Attack Strategy
DEBUG:root:Executing:Check: have_sufficient_defenses
DEBUG:root:Result: Check: have_sufficient_defenses -> Success
DEBUG:root:Executing:Action: priority_attack
DEBUG:root:Bad order:3 40.0 41.0
DEBUG:root:Order:3 6 24.0
DEBUG:root:Result: Action: priority_attack -> Success
DEBUG:root:Result: Sequence: Priority Attack Strategy -> Success
DEBUG:root:Result: Selector: High Level Ordering of Strategies -> Success
DEBUG:root:Finish turn

DEBUG:root:Executing:Selector: High Level Ordering of Strategies
DEBUG:root:Executing:Sequence: Priority Attack Strategy
DEBUG:root:Executing:Check: have_sufficient_defenses
DEBUG:root:Result: Check: have_sufficient_defenses -> Success
DEBUG:root:Executing:Action: priority_attack
DEBUG:root:Result: Action: priority_attack -> Failure
DEBUG:root:Result: Sequence: Priority Attack Strategy -> Failure
DEBUG:root:Result: Selector: High Level Ordering of Strategies -> Failure
DEBUG:root:Finish turn

DEBUG:root:Executing:Selector: High Level Ordering of Strategies
DEBUG:root:Executing:Sequence: Priority Attack Strategy
DEBUG:root:Executing:Check: have_sufficient_defenses
DEBUG:root:Result: Check: have_sufficient_defenses -> Success
DEBUG:root:Executing:Action: priority_attack
DEBUG:root:Result: Action: priority_attack -> Failure
DEBUG:root:Result: Sequence: Priority Attack Strategy -> Failure
DEBUG:root:Result: Selector: High Level Ordering of Strategies -> Failure
DEBUG:root:Finish turn

DEBUG:root:Executing:Selector: High Level Ordering of Strategies
DEBUG:root:Executing:Sequence: Priority Attack Strategy
DEBUG:root:Executing:Check: have_sufficient_defenses
DEBUG:root:Result: Check: have_sufficient_defenses -> Success
DEBUG:root:Executing:Action: priority_attack
DEBUG:root:Bad order:5 50.0 56.0
DEBUG:root:Order:5 6 6.0
DEBUG:root:Order:5 6 3.0
DEBUG:root:Result: Action: priority_attack -> Success
DEBUG:root:Result: Sequence: Priority Attack Strategy -> Success
DEBUG:root:Result: Selector: High Level Ordering of Strategies -> Success
DEBUG:root:Finish turn

DEBUG:root:Executing:Selector: High Level Ordering of Strategies
DEBUG:root:Executing:Sequence: Priority Attack Strategy
DEBUG:root:Executing:Check: have_sufficient_defenses
DEBUG:root:Result: Check: have_sufficient_defenses -> Success
DEBUG:root:Executing:Action: priority_attack
DEBUG:root:Order:1 6 41.0
DEBUG:root:Result: Action: priority_attack -> Success
DEBUG:root:Result: Sequence: Priority Attack Strategy -> Success
DEBUG:root:Result: Selector: High Level Ordering of Strategies -> Success
DEBUG:root:Finish turn

DEBUG:root:Executing:Selector: High Level Ordering of Strategies
DEBUG:root:Executing:Sequence: Priority Attack Strategy
DEBUG:root:Executing:Check: have_sufficient_defenses
DEBUG:root:Result: Check: have_sufficient_defenses -> Success
DEBUG:root:Executing:Action: priority_attack
DEBUG:root:Result: Action: priority_attack -> Failure
DEBUG:root:Result: Sequence: Priority Attack Strategy -> Failure
DEBUG:root:Result: Selector: High Level Ordering of Strategies -> Failure
DEBUG:root:Finish turn

DEBUG:root:Executing:Selector: High Level Ordering of Strategies
DEBUG:root:Executing:Sequence: Priority Attack Strategy
DEBUG:root:Executing:Check: have_sufficient_defenses
DEBUG:root:Result: Check: have_sufficient_defenses -> Success
DEBUG:root:Executing:Action: priority_attack
DEBUG:root:Bad order:3 28.0 30.0
DEBUG:root:Order:3 6 11.0
DEBUG:root:Result: Action: priority_attack -> Success
DEBUG:root:Result: Sequence: Priority Attack Strategy -> Success
DEBUG:root:Result: Selector: High Level Ordering of Strategies -> Success
DEBUG:root:Finish turn

DEBUG:root:Executing:Selector: High Level Ordering of Strategies
DEBUG:root:Executing:Sequence: Priority Attack Strategy
DEBUG:root:Executing:Check: have_sufficient_defenses
DEBUG:root:Result: Check: have_sufficient_defenses -> Success
DEBUG:root:Executing:Action: priority_attack
DEBUG:root:Order:5 6 35.0
DEBUG:root:Order:5 6 3.0
DEBUG:root:Order:5 6 3.0
DEBUG:root:Result: Action: priority_attack -> Success
DEBUG:root:Result: Sequence: Priority Attack Strategy -> Success
DEBUG:root:Result: Selector: High Level Ordering of Strategies -> Success
DEBUG:root:Finish turn

DEBUG:root:Executing:Selector: High Level Ordering of Strategies
DEBUG:root:Executing:Sequence: Priority Attack Strategy
DEBUG:root:Executing:Check: have_sufficient_defenses
DEBUG:root:Result: Check: have_sufficient_defenses -> Success
DEBUG:root:Executing:Action: priority_attack
DEBUG:root:Bad order:3 21.0 40.0
DEBUG:root:Order:3 6 1.0
DEBUG:root:Result: Action: priority_attack -> Success
DEBUG:root:Result: Sequence: Priority Attack Strategy -> Success
DEBUG:root:Result: Selector: High Level Ordering of Strategies -> Success
DEBUG:root:Finish turn

DEBUG:root:Executing:Selector: High Level Ordering of Strategies
DEBUG:root:Executing:Sequence: Priority Attack Strategy
DEBUG:root:Executing:Check: have_sufficient_defenses
DEBUG:root:Result: Check: have_sufficient_defenses -> Success
DEBUG:root:Executing:Action: priority_attack
DEBUG:root:Bad order:16 34.0 45.0
DEBUG:root:Order:16 11 6.0
DEBUG:root:Order:16 11 13.0
DEBUG:root:Order:16 11 5.0
DEBUG:root:Result: Action: priority_attack -> Success
DEBUG:root:Result: Sequence: Priority Attack Strategy -> Success
DEBUG:root:Result: Selector: High Level Ordering of Strategies -> Success
DEBUG:root:Finish turn

DEBUG:root:Executing:Selector: High Level Ordering of Strategies
DEBUG:root:Executing:Sequence: Priority Attack Strategy
DEBUG:root:Executing:Check: have_sufficient_defenses
DEBUG:root:Result: Check: have_sufficient_defenses -> Success
DEBUG:root:Executing:Action: priority_attack
DEBUG:root:Order:5 11 50.0
DEBUG:root:Order:5 11 8.0
DEBUG:root:Order:5 11 11.0
DEBUG:root:Result: Action: priority_attack -> Success
DEBUG:root:Result: Sequence: Priority Attack Strategy -> Success
DEBUG:root:Result: Selector: High Level Ordering of Strategies -> Success
DEBUG:root:Finish turn

DEBUG:root:Executing:Selector: High Level Ordering of Strategies
DEBUG:root:Executing:Sequence: Priority Attack Strategy
DEBUG:root:Executing:Check: have_sufficient_defenses
DEBUG:root:Result: Check: have_sufficient_defenses -> Success
DEBUG:root:Executing:Action: priority_attack
DEBUG:root:Order:1 11 17.0
DEBUG:root:Result: Action: priority_attack -> Success
DEBUG:root:Result: Sequence: Priority Attack Strategy -> Success
DEBUG:root:Result: Selector: High Level Ordering of Strategies -> Success
DEBUG:root:Finish turn

DEBUG:root:Executing:Selector: High Level Ordering of Strategies
DEBUG:root:Executing:Sequence: Priority Attack Strategy
DEBUG:root:Executing:Check: have_sufficient_defenses
DEBUG:root:Result: Check: have_sufficient_defenses -> Success
DEBUG:root:Executing:Action: priority_attack
DEBUG:root:Order:6 12 43.0
DEBUG:root:Order:6 12 12.0
DEBUG:root:Order:6 12 14.0
DEBUG:root:Result: Action: priority_attack -> Success
DEBUG:root:Result: Sequence: Priority Attack Strategy -> Success
DEBUG:root:Result: Selector: High Level Ordering of Strategies -> Success
DEBUG:root:Finish turn

DEBUG:root:Executing:Selector: High Level Ordering of Strategies
DEBUG:root:Executing:Sequence: Priority Attack Strategy
DEBUG:root:Executing:Check: have_sufficient_defenses
DEBUG:root:Result: Check: have_sufficient_defenses -> Success
DEBUG:root:Executing:Action: priority_attack
DEBUG:root:Result: Action: priority_attack -> Failure
DEBUG:root:Result: Sequence: Priority Attack Strategy -> Failure
DEBUG:root:Result: Selector: High Level Ordering of Strategies -> Failure
DEBUG:root:Finish turn

DEBUG:root:Executing:Selector: High Level Ordering of Strategies
DEBUG:root:Executing:Sequence: Priority Attack Strategy
DEBUG:root:Executing:Check: have_sufficient_defenses
DEBUG:root:Result: Check: have_sufficient_defenses -> Success
DEBUG:root:Executing:Action: priority_attack
DEBUG:root:Bad order:3 32.0 53.0
DEBUG:root:Order:3 12 16.0
DEBUG:root:Result: Action: priority_attack -> Success
DEBUG:root:Result: Sequence: Priority Attack Strategy -> Success
DEBUG:root:Result: Selector: High Level Ordering of Strategies -> Success
DEBUG:root:Finish turn

DEBUG:root:Executing:Selector: High Level Ordering of Strategies
DEBUG:root:Executing:Sequence: Priority Attack Strategy
DEBUG:root:Executing:Check: have_sufficient_defenses
DEBUG:root:Result: Check: have_sufficient_defenses -> Success
DEBUG:root:Executing:Action: priority_attack
DEBUG:root:Order:5 12 58.0
DEBUG:root:Order:5 12 2.0
DEBUG:root:Order:5 12 9.0
DEBUG:root:Result: Action: priority_attack -> Success
DEBUG:root:Result: Sequence: Priority Attack Strategy -> Success
DEBUG:root:Result: Selector: High Level Ordering of Strategies -> Success
DEBUG:root:Finish turn

DEBUG:root:Executing:Selector: High Level Ordering of Strategies
DEBUG:root:Executing:Sequence: Priority Attack Strategy
DEBUG:root:Executing:Check: have_sufficient_defenses
DEBUG:root:Result: Check: have_sufficient_defenses -> Success
DEBUG:root:Executing:Action: priority_attack
DEBUG:root:Bad order:16 31.0 63.0
DEBUG:root:Order:16 12 4.0
DEBUG:root:Order:16 12 2.0
DEBUG:root:Result: Action: priority_attack -> Success
DEBUG:root:Result: Sequence: Priority Attack Strategy -> Success
DEBUG:root:Result: Selector: High Level Ordering of Strategies -> Success
DEBUG:root:Finish turn

DEBUG:root:Executing:Selector: High Level Ordering of Strategies
DEBUG:root:Executing:Sequence: Priority Attack Strategy
DEBUG:root:Executing:Check: have_sufficient_defenses
DEBUG:root:Result: Check: have_sufficient_defenses -> Success
DEBUG:root:Executing:Action: priority_attack
DEBUG:root:Bad order:3 22.0 68.0
DEBUG:root:Order:3 12 1.0
DEBUG:root:Result: Action: priority_attack -> Success
DEBUG:root:Result: Sequence: Priority Attack Strategy -> Success
DEBUG:root:Result: Selector: High Level Ordering of Strategies -> Success
DEBUG:root:Finish turn

DEBUG:root:Executing:Selector: High Level Ordering of Strategies
DEBUG:root:Executing:Sequence: Priority Attack Strategy
DEBUG:root:Executing:Check: have_sufficient_defenses
DEBUG:root:Result: Check: have_sufficient_defenses -> Success
DEBUG:root:Executing:Action: priority_attack
DEBUG:root:Order:1 12 53.0
DEBUG:root:Result: Action: priority_attack -> Success
DEBUG:root:Result: Sequence: Priority Attack Strategy -> Success
DEBUG:root:Result: Selector: High Level Ordering of Strategies -> Success
DEBUG:root:Finish turn

DEBUG:root:Executing:Selector: High Level Ordering of Strategies
DEBUG:root:Executing:Sequence: Priority Attack Strategy
DEBUG:root:Executing:Check: have_sufficient_defenses
DEBUG:root:Result: Check: have_sufficient_defenses -> Success
DEBUG:root:Executing:Action: priority_attack
DEBUG:root:Result: Action: priority_attack -> Failure
DEBUG:root:Result: Sequence: Priority Attack Strategy -> Failure
DEBUG:root:Result: Selector: High Level Ordering of Strategies -> Failure
DEBUG:root:Finish turn

DEBUG:root:Executing:Selector: High Level Ordering of Strategies
DEBUG:root:Executing:Sequence: Priority Attack Strategy
DEBUG:root:Executing:Check: have_sufficient_defenses
DEBUG:root:Result: Check: have_sufficient_defenses -> Success
DEBUG:root:Executing:Action: priority_attack
DEBUG:root:Order:5 17 30.0
DEBUG:root:Order:5 17 11.0
DEBUG:root:Order:5 17 47.0
DEBUG:root:Result: Action: priority_attack -> Success
DEBUG:root:Result: Sequence: Priority Attack Strategy -> Success
DEBUG:root:Result: Selector: High Level Ordering of Strategies -> Success
DEBUG:root:Finish turn

DEBUG:root:Executing:Selector: High Level Ordering of Strategies
DEBUG:root:Executing:Sequence: Priority Attack Strategy
DEBUG:root:Executing:Check: have_sufficient_defenses
DEBUG:root:Result: Check: have_sufficient_defenses -> Success
DEBUG:root:Executing:Action: priority_attack
DEBUG:root:Order:12 17 35.0
DEBUG:root:Order:12 17 13.0
DEBUG:root:Order:12 17 19.0
DEBUG:root:Order:12 17 21.0
DEBUG:root:Result: Action: priority_attack -> Success
DEBUG:root:Result: Sequence: Priority Attack Strategy -> Success
DEBUG:root:Result: Selector: High Level Ordering of Strategies -> Success
DEBUG:root:Finish turn

DEBUG:root:Executing:Selector: High Level Ordering of Strategies
DEBUG:root:Executing:Sequence: Priority Attack Strategy
DEBUG:root:Executing:Check: have_sufficient_defenses
DEBUG:root:Result: Check: have_sufficient_defenses -> Success
DEBUG:root:Executing:Action: priority_attack
DEBUG:root:Result: Action: priority_attack -> Failure
DEBUG:root:Result: Sequence: Priority Attack Strategy -> Failure
DEBUG:root:Result: Selector: High Level Ordering of Strategies -> Failure
DEBUG:root:Finish turn

DEBUG:root:Executing:Selector: High Level Ordering of Strategies
DEBUG:root:Executing:Sequence: Priority Attack Strategy
DEBUG:root:Executing:Check: have_sufficient_defenses
DEBUG:root:Result: Check: have_sufficient_defenses -> Success
DEBUG:root:Executing:Action: priority_attack
DEBUG:root:Result: Action: priority_attack -> Failure
DEBUG:root:Result: Sequence: Priority Attack Strategy -> Failure
DEBUG:root:Result: Selector: High Level Ordering of Strategies -> Failure
DEBUG:root:Finish turn

DEBUG:root:Executing:Selector: High Level Ordering of Strategies
DEBUG:root:Executing:Sequence: Priority Attack Strategy
DEBUG:root:Executing:Check: have_sufficient_defenses
DEBUG:root:Result: Check: have_sufficient_defenses -> Success
DEBUG:root:Executing:Action: priority_attack
DEBUG:root:Bad order:16 49.0 50.0
DEBUG:root:Order:16 17 19.0
DEBUG:root:Order:16 17 19.0
DEBUG:root:Result: Action: priority_attack -> Success
DEBUG:root:Result: Sequence: Priority Attack Strategy -> Success
DEBUG:root:Result: Selector: High Level Ordering of Strategies -> Success
DEBUG:root:Finish turn

DEBUG:root:Executing:Selector: High Level Ordering of Strategies
DEBUG:root:Executing:Sequence: Priority Attack Strategy
DEBUG:root:Executing:Check: have_sufficient_defenses
DEBUG:root:Result: Check: have_sufficient_defenses -> Success
DEBUG:root:Executing:Action: priority_attack
DEBUG:root:Result: Action: priority_attack -> Failure
DEBUG:root:Result: Sequence: Priority Attack Strategy -> Failure
DEBUG:root:Result: Selector: High Level Ordering of Strategies -> Failure
DEBUG:root:Finish turn

DEBUG:root:Executing:Selector: High Level Ordering of Strategies
DEBUG:root:Executing:Sequence: Priority Attack Strategy
DEBUG:root:Executing:Check: have_sufficient_defenses
DEBUG:root:Result: Check: have_sufficient_defenses -> Success
DEBUG:root:Executing:Action: priority_attack
DEBUG:root:Result: Action: priority_attack -> Failure
DEBUG:root:Result: Sequence: Priority Attack Strategy -> Failure
DEBUG:root:Result: Selector: High Level Ordering of Strategies -> Failure
DEBUG:root:Finish turn

DEBUG:root:Executing:Selector: High Level Ordering of Strategies
DEBUG:root:Executing:Sequence: Priority Attack Strategy
DEBUG:root:Executing:Check: have_sufficient_defenses
DEBUG:root:Result: Check: have_sufficient_defenses -> Success
DEBUG:root:Executing:Action: priority_attack
DEBUG:root:Bad order:3 41.0 65.0
DEBUG:root:Order:3 17 23.0
DEBUG:root:Result: Action: priority_attack -> Success
DEBUG:root:Result: Sequence: Priority Attack Strategy -> Success
DEBUG:root:Result: Selector: High Level Ordering of Strategies -> Success
DEBUG:root:Finish turn

DEBUG:root:Executing:Selector: High Level Ordering of Strategies
DEBUG:root:Executing:Sequence: Priority Attack Strategy
DEBUG:root:Executing:Check: have_sufficient_defenses
DEBUG:root:Result: Check: have_sufficient_defenses -> Success
DEBUG:root:Executing:Action: priority_attack
DEBUG:root:Bad order:6 48.0 70.0
DEBUG:root:Order:6 17 4.0
DEBUG:root:Order:6 17 6.0
DEBUG:root:Order:6 17 8.0
DEBUG:root:Result: Action: priority_attack -> Success
DEBUG:root:Result: Sequence: Priority Attack Strategy -> Success
DEBUG:root:Result: Selector: High Level Ordering of Strategies -> Success
DEBUG:root:Finish turn

DEBUG:root:Executing:Selector: High Level Ordering of Strategies
DEBUG:root:Executing:Sequence: Priority Attack Strategy
DEBUG:root:Executing:Check: have_sufficient_defenses
DEBUG:root:Result: Check: have_sufficient_defenses -> Success
DEBUG:root:Executing:Action: priority_attack
DEBUG:root:Bad order:5 51.0 75.0
DEBUG:root:Order:5 17 6.0
DEBUG:root:Order:5 17 7.0
DEBUG:root:Result: Action: priority_attack -> Success
DEBUG:root:Result: Sequence: Priority Attack Strategy -> Success
DEBUG:root:Result: Selector: High Level Ordering of Strategies -> Success
DEBUG:root:Finish turn

DEBUG:root:Executing:Selector: High Level Ordering of Strategies
DEBUG:root:Executing:Sequence: Priority Attack Strategy
DEBUG:root:Executing:Check: have_sufficient_defenses
DEBUG:root:Result: Check: have_sufficient_defenses -> Success
DEBUG:root:Executing:Action: priority_attack
DEBUG:root:Bad order:3 24.0 80.0
DEBUG:root:Order:3 17 8.0
DEBUG:root:Result: Action: priority_attack -> Success
DEBUG:root:Result: Sequence: Priority Attack Strategy -> Success
DEBUG:root:Result: Selector: High Level Ordering of Strategies -> Success
DEBUG:root:Finish turn

DEBUG:root:Executing:Selector: High Level Ordering of Strategies
DEBUG:root:Executing:Sequence: Priority Attack Strategy
DEBUG:root:Executing:Check: have_sufficient_defenses
DEBUG:root:Result: Check: have_sufficient_defenses -> Success
DEBUG:root:Executing:Action: priority_attack
DEBUG:root:Bad order:5 48.0 85.0
DEBUG:root:Order:5 17 2.0
DEBUG:root:Order:5 17 1.0
DEBUG:root:Result: Action: priority_attack -> Success
DEBUG:root:Result: Sequence: Priority Attack Strategy -> Success
DEBUG:root:Result: Selector: High Level Ordering of Strategies -> Success
DEBUG:root:Finish turn

DEBUG:root:Executing:Selector: High Level Ordering of Strategies
DEBUG:root:Executing:Sequence: Priority Attack Strategy
DEBUG:root:Executing:Check: have_sufficient_defenses
DEBUG:root:Result: Check: have_sufficient_defenses -> Success
DEBUG:root:Executing:Action: priority_attack
DEBUG:root:Order:1 13 17.0
DEBUG:root:Result: Action: priority_attack -> Success
DEBUG:root:Result: Sequence: Priority Attack Strategy -> Success
DEBUG:root:Result: Selector: High Level Ordering of Strategies -> Success
DEBUG:root:Finish turn

DEBUG:root:Executing:Selector: High Level Ordering of Strategies
DEBUG:root:Executing:Sequence: Priority Attack Strategy
DEBUG:root:Executing:Check: have_sufficient_defenses
DEBUG:root:Result: Check: have_sufficient_defenses -> Success
DEBUG:root:Executing:Action: priority_attack
DEBUG:root:Bad order:5 55.0 78.0
DEBUG:root:Order:5 17 6.0
DEBUG:root:Order:5 17 4.0
DEBUG:root:Result: Action: priority_attack -> Success
DEBUG:root:Result: Sequence: Priority Attack Strategy -> Success
DEBUG:root:Result: Selector: High Level Ordering of Strategies -> Success
DEBUG:root:Finish turn

DEBUG:root:Executing:Selector: High Level Ordering of Strategies
DEBUG:root:Executing:Sequence: Priority Attack Strategy
DEBUG:root:Executing:Check: have_sufficient_defenses
DEBUG:root:Result: Check: have_sufficient_defenses -> Success
DEBUG:root:Executing:Action: priority_attack
DEBUG:root:Bad order:3 24.0 83.0
DEBUG:root:Order:3 18 5.0
DEBUG:root:Order:17 14 10.0
DEBUG:root:Order:17 14 29.0
DEBUG:root:Order:17 14 17.0
DEBUG:root:Order:17 14 21.0
DEBUG:root:Result: Action: priority_attack -> Success
DEBUG:root:Result: Sequence: Priority Attack Strategy -> Success
DEBUG:root:Result: Selector: High Level Ordering of Strategies -> Success
DEBUG:root:Finish turn

DEBUG:root:Executing:Selector: High Level Ordering of Strategies
DEBUG:root:Executing:Sequence: Priority Attack Strategy
DEBUG:root:Executing:Check: have_sufficient_defenses
DEBUG:root:Result: Check: have_sufficient_defenses -> Success
DEBUG:root:Executing:Action: priority_attack
DEBUG:root:Order:1 18 88.0
DEBUG:root:Result: Action: priority_attack -> Success
DEBUG:root:Result: Sequence: Priority Attack Strategy -> Success
DEBUG:root:Result: Selector: High Level Ordering of Strategies -> Success
DEBUG:root:Finish turn

DEBUG:root:Executing:Selector: High Level Ordering of Strategies
DEBUG:root:Executing:Sequence: Priority Attack Strategy
DEBUG:root:Executing:Check: have_sufficient_defenses
DEBUG:root:Result: Check: have_sufficient_defenses -> Success
DEBUG:root:Executing:Action: priority_attack
DEBUG:root:Order:16 18 5.0
DEBUG:root:Order:16 18 7.0
DEBUG:root:Order:16 18 20.0
DEBUG:root:Bad order:16 15.0 39.0
DEBUG:root:Bad order:16 15.0 17.0
DEBUG:root:Result: Action: priority_attack -> Success
DEBUG:root:Result: Sequence: Priority Attack Strategy -> Success
DEBUG:root:Result: Selector: High Level Ordering of Strategies -> Success
DEBUG:root:Finish turn

DEBUG:root:Executing:Selector: High Level Ordering of Strategies
DEBUG:root:Executing:Sequence: Priority Attack Strategy
DEBUG:root:Executing:Check: have_sufficient_defenses
DEBUG:root:Result: Check: have_sufficient_defenses -> Success
DEBUG:root:Executing:Action: priority_attack
DEBUG:root:Order:3 14 10.0
DEBUG:root:Order:3 14 7.0
DEBUG:root:Order:6 18 25.0
DEBUG:root:Order:6 18 63.0
DEBUG:root:Order:17 12 25.0
DEBUG:root:Result: Action: priority_attack -> Success
DEBUG:root:Result: Sequence: Priority Attack Strategy -> Success
DEBUG:root:Result: Selector: High Level Ordering of Strategies -> Success
DEBUG:root:Finish turn

DEBUG:root:Executing:Selector: High Level Ordering of Strategies
DEBUG:root:Executing:Sequence: Priority Attack Strategy
DEBUG:root:Executing:Check: have_sufficient_defenses
DEBUG:root:Result: Check: have_sufficient_defenses -> Success
DEBUG:root:Executing:Action: priority_attack
DEBUG:root:Result: Action: priority_attack -> Failure
DEBUG:root:Result: Sequence: Priority Attack Strategy -> Failure
DEBUG:root:Result: Selector: High Level Ordering of Strategies -> Failure
DEBUG:root:Finish turn

DEBUG:root:Executing:Selector: High Level Ordering of Strategies
DEBUG:root:Executing:Sequence: Priority Attack Strategy
DEBUG:root:Executing:Check: have_sufficient_defenses
DEBUG:root:Result: Check: have_sufficient_defenses -> Success
DEBUG:root:Executing:Action: priority_attack
DEBUG:root:Order:17 18 20.0
DEBUG:root:Order:17 18 35.0
DEBUG:root:Order:17 18 7.0
DEBUG:root:Bad order:17 7.0 26.0
DEBUG:root:Result: Action: priority_attack -> Success
DEBUG:root:Result: Sequence: Priority Attack Strategy -> Success
DEBUG:root:Result: Selector: High Level Ordering of Strategies -> Success
DEBUG:root:Finish turn

DEBUG:root:Executing:Selector: High Level Ordering of Strategies
DEBUG:root:Executing:Sequence: Priority Attack Strategy
DEBUG:root:Executing:Check: have_sufficient_defenses
DEBUG:root:Result: Check: have_sufficient_defenses -> Success
DEBUG:root:Executing:Action: priority_attack
DEBUG:root:Order:14 18 25.0
DEBUG:root:Bad order:14 39.0 40.0
DEBUG:root:Order:14 18 12.0
DEBUG:root:Order:14 18 11.0
DEBUG:root:Result: Action: priority_attack -> Success
DEBUG:root:Result: Sequence: Priority Attack Strategy -> Success
DEBUG:root:Result: Selector: High Level Ordering of Strategies -> Success
DEBUG:root:Finish turn

DEBUG:root:Executing:Selector: High Level Ordering of Strategies
DEBUG:root:Executing:Sequence: Priority Attack Strategy
DEBUG:root:Executing:Check: have_sufficient_defenses
DEBUG:root:Result: Check: have_sufficient_defenses -> Success
DEBUG:root:Executing:Action: priority_attack
DEBUG:root:Order:6 18 30.0
DEBUG:root:Bad order:6 27.0 45.0
DEBUG:root:Order:6 18 13.0
DEBUG:root:Result: Action: priority_attack -> Success
DEBUG:root:Result: Sequence: Priority Attack Strategy -> Success
DEBUG:root:Result: Selector: High Level Ordering of Strategies -> Success
DEBUG:root:Finish turn

DEBUG:root:Executing:Selector: High Level Ordering of Strategies
DEBUG:root:Executing:Sequence: Priority Attack Strategy
DEBUG:root:Executing:Check: have_sufficient_defenses
DEBUG:root:Result: Check: have_sufficient_defenses -> Success
DEBUG:root:Executing:Action: priority_attack
DEBUG:root:Order:1 18 26.0
DEBUG:root:Result: Action: priority_attack -> Success
DEBUG:root:Result: Sequence: Priority Attack Strategy -> Success
DEBUG:root:Result: Selector: High Level Ordering of Strategies -> Success
DEBUG:root:Finish turn

DEBUG:root:Executing:Selector: High Level Ordering of Strategies
DEBUG:root:Executing:Sequence: Priority Attack Strategy
DEBUG:root:Executing:Check: have_sufficient_defenses
DEBUG:root:Result: Check: have_sufficient_defenses -> Success
DEBUG:root:Executing:Action: priority_attack
DEBUG:root:Order:5 18 14.0
DEBUG:root:Order:5 18 4.0
DEBUG:root:Order:5 18 8.0
DEBUG:root:Order:17 13 1.0
DEBUG:root:Order:17 13 12.0
DEBUG:root:Order:17 13 13.0
DEBUG:root:Result: Action: priority_attack -> Success
DEBUG:root:Result: Sequence: Priority Attack Strategy -> Success
DEBUG:root:Result: Selector: High Level Ordering of Strategies -> Success
DEBUG:root:Finish turn

DEBUG:root:Executing:Selector: High Level Ordering of Strategies
DEBUG:root:Executing:Sequence: Priority Attack Strategy
DEBUG:root:Executing:Check: have_sufficient_defenses
DEBUG:root:Result: Check: have_sufficient_defenses -> Success
DEBUG:root:Executing:Action: priority_attack
DEBUG:root:Order:5 18 19.0
DEBUG:root:Order:5 18 6.0
DEBUG:root:Order:5 18 1.0
DEBUG:root:Result: Action: priority_attack -> Success
DEBUG:root:Result: Sequence: Priority Attack Strategy -> Success
DEBUG:root:Result: Selector: High Level Ordering of Strategies -> Success
DEBUG:root:Finish turn

DEBUG:root:Executing:Selector: High Level Ordering of Strategies
DEBUG:root:Executing:Sequence: Priority Attack Strategy
DEBUG:root:Executing:Check: have_sufficient_defenses
DEBUG:root:Result: Check: have_sufficient_defenses -> Success
DEBUG:root:Executing:Action: priority_attack
DEBUG:root:Order:1 18 21.0
DEBUG:root:Result: Action: priority_attack -> Success
DEBUG:root:Result: Sequence: Priority Attack Strategy -> Success
DEBUG:root:Result: Selector: High Level Ordering of Strategies -> Success
DEBUG:root:Finish turn

DEBUG:root:Executing:Selector: High Level Ordering of Strategies
DEBUG:root:Executing:Sequence: Priority Attack Strategy
DEBUG:root:Executing:Check: have_sufficient_defenses
DEBUG:root:Result: Check: have_sufficient_defenses -> Success
DEBUG:root:Executing:Action: priority_attack
DEBUG:root:Order:17 21 8.0
DEBUG:root:Order:17 21 10.0
DEBUG:root:Order:17 21 18.0
DEBUG:root:Order:17 21 13.0
DEBUG:root:Order:17 21 21.0
DEBUG:root:Bad order:17 11.0 17.0
DEBUG:root:Result: Action: priority_attack -> Success
DEBUG:root:Result: Sequence: Priority Attack Strategy -> Success
DEBUG:root:Result: Selector: High Level Ordering of Strategies -> Success
DEBUG:root:Finish turn

DEBUG:root:Executing:Selector: High Level Ordering of Strategies
DEBUG:root:Executing:Sequence: Priority Attack Strategy
DEBUG:root:Executing:Check: have_sufficient_defenses
DEBUG:root:Result: Check: have_sufficient_defenses -> Success
DEBUG:root:Executing:Action: priority_attack
DEBUG:root:Order:3 14 13.0
DEBUG:root:Order:3 14 5.0
DEBUG:root:Result: Action: priority_attack -> Success
DEBUG:root:Result: Sequence: Priority Attack Strategy -> Success
DEBUG:root:Result: Selector: High Level Ordering of Strategies -> Success
DEBUG:root:Finish turn

DEBUG:root:Executing:Selector: High Level Ordering of Strategies
DEBUG:root:Executing:Sequence: Priority Attack Strategy
DEBUG:root:Executing:Check: have_sufficient_defenses
DEBUG:root:Result: Check: have_sufficient_defenses -> Success
DEBUG:root:Executing:Action: priority_attack
DEBUG:root:Order:5 11 18.0
DEBUG:root:Order:5 11 3.0
DEBUG:root:Order:18 21 9.0
DEBUG:root:Order:18 21 21.0
DEBUG:root:Order:18 21 27.0
DEBUG:root:Order:18 21 30.0
DEBUG:root:Result: Action: priority_attack -> Success
DEBUG:root:Result: Sequence: Priority Attack Strategy -> Success
DEBUG:root:Result: Selector: High Level Ordering of Strategies -> Success
DEBUG:root:Finish turn

DEBUG:root:Executing:Selector: High Level Ordering of Strategies
DEBUG:root:Executing:Sequence: Priority Attack Strategy
DEBUG:root:Executing:Check: have_sufficient_defenses
DEBUG:root:Result: Check: have_sufficient_defenses -> Success
DEBUG:root:Executing:Action: priority_attack
DEBUG:root:Order:5 11 23.0
DEBUG:root:Order:5 11 5.0
DEBUG:root:Order:18 21 14.0
DEBUG:root:Order:18 21 22.0
DEBUG:root:Order:18 21 30.0
DEBUG:root:Order:18 21 21.0
DEBUG:root:Result: Action: priority_attack -> Success
DEBUG:root:Result: Sequence: Priority Attack Strategy -> Success
DEBUG:root:Result: Selector: High Level Ordering of Strategies -> Success
DEBUG:root:Finish turn

DEBUG:root:Executing:Selector: High Level Ordering of Strategies
DEBUG:root:Executing:Sequence: Priority Attack Strategy
DEBUG:root:Executing:Check: have_sufficient_defenses
DEBUG:root:Result: Check: have_sufficient_defenses -> Success
DEBUG:root:Executing:Action: priority_attack
DEBUG:root:Order:1 21 17.0
DEBUG:root:Order:16 22 19.0
DEBUG:root:Bad order:16 38.0 49.0
DEBUG:root:Order:16 22 19.0
DEBUG:root:Result: Action: priority_attack -> Success
DEBUG:root:Result: Sequence: Priority Attack Strategy -> Success
DEBUG:root:Result: Selector: High Level Ordering of Strategies -> Success
DEBUG:root:Finish turn

DEBUG:root:Executing:Selector: High Level Ordering of Strategies
DEBUG:root:Executing:Sequence: Priority Attack Strategy
DEBUG:root:Executing:Check: have_sufficient_defenses
DEBUG:root:Result: Check: have_sufficient_defenses -> Success
DEBUG:root:Executing:Action: priority_attack
DEBUG:root:Order:1 7 5.0
DEBUG:root:Order:18 22 2.0
DEBUG:root:Order:18 22 24.0
DEBUG:root:Order:18 22 53.0
DEBUG:root:Order:18 22 6.0
DEBUG:root:Order:18 22 2.0
DEBUG:root:Order:21 11 42.0
DEBUG:root:Result: Action: priority_attack -> Success
DEBUG:root:Result: Sequence: Priority Attack Strategy -> Success
DEBUG:root:Result: Selector: High Level Ordering of Strategies -> Success
DEBUG:root:Finish turn

DEBUG:root:Executing:Selector: High Level Ordering of Strategies
DEBUG:root:Executing:Sequence: Priority Attack Strategy
DEBUG:root:Executing:Check: have_sufficient_defenses
DEBUG:root:Result: Check: have_sufficient_defenses -> Success
DEBUG:root:Executing:Action: priority_attack
DEBUG:root:Order:1 7 6.0
DEBUG:root:Order:21 22 4.0
DEBUG:root:Order:21 22 29.0
DEBUG:root:Order:21 22 30.0
DEBUG:root:Order:21 22 1.0
DEBUG:root:Order:21 22 11.0
DEBUG:root:Order:21 22 12.0
DEBUG:root:Result: Action: priority_attack -> Success
DEBUG:root:Result: Sequence: Priority Attack Strategy -> Success
DEBUG:root:Result: Selector: High Level Ordering of Strategies -> Success
DEBUG:root:Finish turn

DEBUG:root:Executing:Selector: High Level Ordering of Strategies
DEBUG:root:Executing:Sequence: Priority Attack Strategy
DEBUG:root:Executing:Check: have_sufficient_defenses
DEBUG:root:Result: Check: have_sufficient_defenses -> Success
DEBUG:root:Executing:Action: priority_attack
DEBUG:root:Order:1 7 7.0
DEBUG:root:Order:17 22 6.0
DEBUG:root:Order:17 22 4.0
DEBUG:root:Order:17 22 34.0
DEBUG:root:Bad order:17 12.0 34.0
DEBUG:root:Order:17 22 4.0
DEBUG:root:Order:17 22 5.0
DEBUG:root:Result: Action: priority_attack -> Success
DEBUG:root:Result: Sequence: Priority Attack Strategy -> Success
DEBUG:root:Result: Selector: High Level Ordering of Strategies -> Success
DEBUG:root:Finish turn

DEBUG:root:Executing:Selector: High Level Ordering of Strategies
DEBUG:root:Executing:Sequence: Priority Attack Strategy
DEBUG:root:Executing:Check: have_sufficient_defenses
DEBUG:root:Result: Check: have_sufficient_defenses -> Success
DEBUG:root:Executing:Action: priority_attack
DEBUG:root:Order:16 22 13.0
DEBUG:root:Order:16 22 8.0
DEBUG:root:Order:16 22 9.0
DEBUG:root:Bad order:16 1.0 39.0
DEBUG:root:Bad order:16 1.0 17.0
DEBUG:root:Order:16 22 1.0
DEBUG:root:Order:21 7 8.0
DEBUG:root:Result: Action: priority_attack -> Success
DEBUG:root:Result: Sequence: Priority Attack Strategy -> Success
DEBUG:root:Result: Selector: High Level Ordering of Strategies -> Success
DEBUG:root:Finish turn

DEBUG:root:Executing:Selector: High Level Ordering of Strategies
DEBUG:root:Executing:Sequence: Priority Attack Strategy
DEBUG:root:Executing:Check: have_sufficient_defenses
DEBUG:root:Result: Check: have_sufficient_defenses -> Success
DEBUG:root:Executing:Action: priority_attack
DEBUG:root:Order:1 14 17.0
DEBUG:root:Order:3 8 5.0
DEBUG:root:Order:5 7 9.0
DEBUG:root:Order:18 13 44.0
DEBUG:root:Order:18 13 7.0
DEBUG:root:Result: Action: priority_attack -> Success
DEBUG:root:Result: Sequence: Priority Attack Strategy -> Success
DEBUG:root:Result: Selector: High Level Ordering of Strategies -> Success
DEBUG:root:Finish turn

DEBUG:root:Executing:Selector: High Level Ordering of Strategies
DEBUG:root:Executing:Sequence: Priority Attack Strategy
DEBUG:root:Executing:Check: have_sufficient_defenses
DEBUG:root:Result: Check: have_sufficient_defenses -> Success
DEBUG:root:Executing:Action: priority_attack
DEBUG:root:Order:1 8 6.0
DEBUG:root:Order:6 14 7.0
DEBUG:root:Order:6 14 10.0
DEBUG:root:Order:6 14 13.0
DEBUG:root:Order:21 11 15.0
DEBUG:root:Order:21 11 23.0
DEBUG:root:Order:22 7 10.0
DEBUG:root:Result: Action: priority_attack -> Success
DEBUG:root:Result: Sequence: Priority Attack Strategy -> Success
DEBUG:root:Result: Selector: High Level Ordering of Strategies -> Success
DEBUG:root:Finish turn

DEBUG:root:Executing:Selector: High Level Ordering of Strategies
DEBUG:root:Executing:Sequence: Priority Attack Strategy
DEBUG:root:Executing:Check: have_sufficient_defenses
DEBUG:root:Result: Check: have_sufficient_defenses -> Success
DEBUG:root:Executing:Action: priority_attack
DEBUG:root:Order:3 8 5.0
DEBUG:root:Order:3 8 2.0
DEBUG:root:Order:6 11 15.0
DEBUG:root:Order:6 11 23.0
DEBUG:root:Order:18 7 11.0
DEBUG:root:Result: Action: priority_attack -> Success
DEBUG:root:Result: Sequence: Priority Attack Strategy -> Success
DEBUG:root:Result: Selector: High Level Ordering of Strategies -> Success
DEBUG:root:Finish turn

DEBUG:root:Executing:Selector: High Level Ordering of Strategies
DEBUG:root:Executing:Sequence: Priority Attack Strategy
DEBUG:root:Executing:Check: have_sufficient_defenses
DEBUG:root:Result: Check: have_sufficient_defenses -> Success
DEBUG:root:Executing:Action: priority_attack
DEBUG:root:Order:1 8 8.0
DEBUG:root:Order:18 2 4.0
DEBUG:root:Order:18 2 20.0
DEBUG:root:Order:18 2 34.0
DEBUG:root:Order:22 11 52.0
DEBUG:root:Result: Action: priority_attack -> Success
DEBUG:root:Result: Sequence: Priority Attack Strategy -> Success
DEBUG:root:Result: Selector: High Level Ordering of Strategies -> Success
DEBUG:root:Finish turn

DEBUG:root:Executing:Selector: High Level Ordering of Strategies
DEBUG:root:Executing:Sequence: Priority Attack Strategy
DEBUG:root:Executing:Check: have_sufficient_defenses
DEBUG:root:Result: Check: have_sufficient_defenses -> Success
DEBUG:root:Executing:Action: priority_attack
DEBUG:root:Result: Action: priority_attack -> Failure
DEBUG:root:Result: Sequence: Priority Attack Strategy -> Failure
DEBUG:root:Result: Selector: High Level Ordering of Strategies -> Failure
DEBUG:root:Finish turn

DEBUG:root:Executing:Selector: High Level Ordering of Strategies
DEBUG:root:Executing:Sequence: Priority Attack Strategy
DEBUG:root:Executing:Check: have_sufficient_defenses
DEBUG:root:Result: Check: have_sufficient_defenses -> Success
DEBUG:root:Executing:Action: priority_attack
DEBUG:root:Order:5 14 12.0
DEBUG:root:Order:5 14 8.0
DEBUG:root:Order:5 14 25.0
DEBUG:root:Result: Action: priority_attack -> Success
DEBUG:root:Result: Sequence: Priority Attack Strategy -> Success
DEBUG:root:Result: Selector: High Level Ordering of Strategies -> Success
DEBUG:root:Finish turn

DEBUG:root:Executing:Selector: High Level Ordering of Strategies
DEBUG:root:Executing:Sequence: Priority Attack Strategy
DEBUG:root:Executing:Check: have_sufficient_defenses
DEBUG:root:Result: Check: have_sufficient_defenses -> Success
DEBUG:root:Executing:Action: priority_attack
DEBUG:root:Order:18 14 17.0
DEBUG:root:Order:18 14 10.0
DEBUG:root:Order:18 14 6.0
DEBUG:root:Order:18 14 3.0
DEBUG:root:Order:18 14 19.0
DEBUG:root:Result: Action: priority_attack -> Success
DEBUG:root:Result: Sequence: Priority Attack Strategy -> Success
DEBUG:root:Result: Selector: High Level Ordering of Strategies -> Success
DEBUG:root:Finish turn

DEBUG:root:Executing:Selector: High Level Ordering of Strategies
DEBUG:root:Executing:Sequence: Priority Attack Strategy
DEBUG:root:Executing:Check: have_sufficient_defenses
DEBUG:root:Result: Check: have_sufficient_defenses -> Success
DEBUG:root:Executing:Action: priority_attack
DEBUG:root:Order:21 2 22.0
DEBUG:root:Order:21 2 12.0
DEBUG:root:Bad order:21 10.0 11.0
DEBUG:root:Order:21 2 8.0
DEBUG:root:Bad order:21 2.0 17.0
DEBUG:root:Result: Action: priority_attack -> Success
DEBUG:root:Result: Sequence: Priority Attack Strategy -> Success
DEBUG:root:Result: Selector: High Level Ordering of Strategies -> Success
DEBUG:root:Finish turn

DEBUG:root:Executing:Selector: High Level Ordering of Strategies
DEBUG:root:Executing:Sequence: Priority Attack Strategy
DEBUG:root:Executing:Check: have_sufficient_defenses
DEBUG:root:Result: Check: have_sufficient_defenses -> Success
DEBUG:root:Executing:Action: priority_attack
DEBUG:root:Order:1 7 7.0
DEBUG:root:Result: Action: priority_attack -> Success
DEBUG:root:Result: Sequence: Priority Attack Strategy -> Success
DEBUG:root:Result: Selector: High Level Ordering of Strategies -> Success
DEBUG:root:Finish turn

DEBUG:root:Executing:Selector: High Level Ordering of Strategies
DEBUG:root:Executing:Sequence: Priority Attack Strategy
DEBUG:root:Executing:Check: have_sufficient_defenses
DEBUG:root:Result: Check: have_sufficient_defenses -> Success
DEBUG:root:Executing:Action: priority_attack
DEBUG:root:Order:3 15 25.0
DEBUG:root:Bad order:3 7.0 16.0
DEBUG:root:Order:22 2 5.0
DEBUG:root:Order:22 2 21.0
DEBUG:root:Order:22 2 5.0
DEBUG:root:Order:22 2 6.0
DEBUG:root:Order:22 2 18.0
DEBUG:root:Order:22 2 4.0
DEBUG:root:Bad order:22 20.0 24.0
DEBUG:root:Result: Action: priority_attack -> Success
DEBUG:root:Result: Sequence: Priority Attack Strategy -> Success
DEBUG:root:Result: Selector: High Level Ordering of Strategies -> Success
DEBUG:root:Finish turn

DEBUG:root:Executing:Selector: High Level Ordering of Strategies
DEBUG:root:Executing:Sequence: Priority Attack Strategy
DEBUG:root:Executing:Check: have_sufficient_defenses
DEBUG:root:Result: Check: have_sufficient_defenses -> Success
DEBUG:root:Executing:Action: priority_attack
DEBUG:root:Order:6 15 30.0
DEBUG:root:Order:6 15 10.0
DEBUG:root:Order:6 15 3.0
DEBUG:root:Result: Action: priority_attack -> Success
DEBUG:root:Result: Sequence: Priority Attack Strategy -> Success
DEBUG:root:Result: Selector: High Level Ordering of Strategies -> Success
DEBUG:root:Finish turn

DEBUG:root:Executing:Selector: High Level Ordering of Strategies
DEBUG:root:Executing:Sequence: Priority Attack Strategy
DEBUG:root:Executing:Check: have_sufficient_defenses
DEBUG:root:Result: Check: have_sufficient_defenses -> Success
DEBUG:root:Executing:Action: priority_attack
DEBUG:root:Order:5 15 35.0
DEBUG:root:Order:5 15 11.0
DEBUG:root:Order:17 10 13.0
DEBUG:root:Order:17 10 12.0
DEBUG:root:Order:17 10 11.0
DEBUG:root:Result: Action: priority_attack -> Success
DEBUG:root:Result: Sequence: Priority Attack Strategy -> Success
DEBUG:root:Result: Selector: High Level Ordering of Strategies -> Success
DEBUG:root:Finish turn

DEBUG:root:Executing:Selector: High Level Ordering of Strategies
DEBUG:root:Executing:Sequence: Priority Attack Strategy
DEBUG:root:Executing:Check: have_sufficient_defenses
DEBUG:root:Result: Check: have_sufficient_defenses -> Success
DEBUG:root:Executing:Action: priority_attack
DEBUG:root:Order:12 11 40.0
DEBUG:root:Order:12 11 2.0
DEBUG:root:Order:12 11 3.0
DEBUG:root:Result: Action: priority_attack -> Success
DEBUG:root:Result: Sequence: Priority Attack Strategy -> Success
DEBUG:root:Result: Selector: High Level Ordering of Strategies -> Success
DEBUG:root:Finish turn

DEBUG:root:Executing:Selector: High Level Ordering of Strategies
DEBUG:root:Executing:Sequence: Priority Attack Strategy
DEBUG:root:Executing:Check: have_sufficient_defenses
DEBUG:root:Result: Check: have_sufficient_defenses -> Success
DEBUG:root:Executing:Action: priority_attack
DEBUG:root:Order:1 7 7.0
DEBUG:root:Order:22 11 18.0
DEBUG:root:Order:22 11 2.0
DEBUG:root:Order:22 11 24.0
DEBUG:root:Order:22 11 8.0
DEBUG:root:Result: Action: priority_attack -> Success
DEBUG:root:Result: Sequence: Priority Attack Strategy -> Success
DEBUG:root:Result: Selector: High Level Ordering of Strategies -> Success
DEBUG:root:Finish turn

DEBUG:root:Executing:Selector: High Level Ordering of Strategies
DEBUG:root:Executing:Sequence: Priority Attack Strategy
DEBUG:root:Executing:Check: have_sufficient_defenses
DEBUG:root:Result: Check: have_sufficient_defenses -> Success
DEBUG:root:Executing:Action: priority_attack
DEBUG:root:Order:16 14 43.0
DEBUG:root:Order:16 14 1.0
DEBUG:root:Bad order:16 1.0 3.0
DEBUG:root:Bad order:16 1.0 2.0
DEBUG:root:Order:18 4 7.0
DEBUG:root:Order:18 4 24.0
DEBUG:root:Result: Action: priority_attack -> Success
DEBUG:root:Result: Sequence: Priority Attack Strategy -> Success
DEBUG:root:Result: Selector: High Level Ordering of Strategies -> Success
DEBUG:root:Finish turn

DEBUG:root:Executing:Selector: High Level Ordering of Strategies
DEBUG:root:Executing:Sequence: Priority Attack Strategy
DEBUG:root:Executing:Check: have_sufficient_defenses
DEBUG:root:Result: Check: have_sufficient_defenses -> Success
DEBUG:root:Executing:Action: priority_attack
DEBUG:root:Order:1 7 11.0
DEBUG:root:Result: Action: priority_attack -> Success
DEBUG:root:Result: Sequence: Priority Attack Strategy -> Success
DEBUG:root:Result: Selector: High Level Ordering of Strategies -> Success
DEBUG:root:Finish turn

DEBUG:root:Executing:Selector: High Level Ordering of Strategies
DEBUG:root:Executing:Sequence: Priority Attack Strategy
DEBUG:root:Executing:Check: have_sufficient_defenses
DEBUG:root:Result: Check: have_sufficient_defenses -> Success
DEBUG:root:Executing:Action: priority_attack
DEBUG:root:Order:1 14 25.0
DEBUG:root:Order:17 9 5.0
DEBUG:root:Order:17 9 13.0
DEBUG:root:Order:17 9 6.0
DEBUG:root:Result: Action: priority_attack -> Success
DEBUG:root:Result: Sequence: Priority Attack Strategy -> Success
DEBUG:root:Result: Selector: High Level Ordering of Strategies -> Success
DEBUG:root:Finish turn

DEBUG:root:Executing:Selector: High Level Ordering of Strategies
DEBUG:root:Executing:Sequence: Priority Attack Strategy
DEBUG:root:Executing:Check: have_sufficient_defenses
DEBUG:root:Result: Check: have_sufficient_defenses -> Success
DEBUG:root:Executing:Action: priority_attack
DEBUG:root:Order:3 9 22.0
DEBUG:root:Bad order:3 1.0 2.0
DEBUG:root:Result: Action: priority_attack -> Success
DEBUG:root:Result: Sequence: Priority Attack Strategy -> Success
DEBUG:root:Result: Selector: High Level Ordering of Strategies -> Success
DEBUG:root:Finish turn

DEBUG:root:Executing:Selector: High Level Ordering of Strategies
DEBUG:root:Executing:Sequence: Priority Attack Strategy
DEBUG:root:Executing:Check: have_sufficient_defenses
DEBUG:root:Result: Check: have_sufficient_defenses -> Success
DEBUG:root:Executing:Action: priority_attack
DEBUG:root:Order:1 9 26.0
DEBUG:root:Result: Action: priority_attack -> Success
DEBUG:root:Result: Sequence: Priority Attack Strategy -> Success
DEBUG:root:Result: Selector: High Level Ordering of Strategies -> Success
DEBUG:root:Finish turn

DEBUG:root:Executing:Selector: High Level Ordering of Strategies
DEBUG:root:Executing:Sequence: Priority Attack Strategy
DEBUG:root:Executing:Check: have_sufficient_defenses
DEBUG:root:Result: Check: have_sufficient_defenses -> Success
DEBUG:root:Executing:Action: priority_attack
DEBUG:root:Order:6 9 6.0
DEBUG:root:Order:6 9 9.0
DEBUG:root:Order:6 9 13.0
DEBUG:root:Result: Action: priority_attack -> Success
DEBUG:root:Result: Sequence: Priority Attack Strategy -> Success
DEBUG:root:Result: Selector: High Level Ordering of Strategies -> Success
DEBUG:root:Finish turn

DEBUG:root:Executing:Selector: High Level Ordering of Strategies
DEBUG:root:Executing:Sequence: Priority Attack Strategy
DEBUG:root:Executing:Check: have_sufficient_defenses
DEBUG:root:Result: Check: have_sufficient_defenses -> Success
DEBUG:root:Executing:Action: priority_attack
DEBUG:root:Order:6 9 11.0
DEBUG:root:Order:6 9 14.0
DEBUG:root:Order:6 9 5.0
DEBUG:root:Result: Action: priority_attack -> Success
DEBUG:root:Result: Sequence: Priority Attack Strategy -> Success
DEBUG:root:Result: Selector: High Level Ordering of Strategies -> Success
DEBUG:root:Finish turn

DEBUG:root:Executing:Selector: High Level Ordering of Strategies
DEBUG:root:Executing:Sequence: Priority Attack Strategy
DEBUG:root:Executing:Check: have_sufficient_defenses
DEBUG:root:Result: Check: have_sufficient_defenses -> Success
DEBUG:root:Executing:Action: priority_attack
DEBUG:root:Order:12 2 16.0
DEBUG:root:Order:12 2 19.0
DEBUG:root:Order:12 2 1.0
DEBUG:root:Order:18 9 18.0
DEBUG:root:Order:18 9 14.0
DEBUG:root:Result: Action: priority_attack -> Success
DEBUG:root:Result: Sequence: Priority Attack Strategy -> Success
DEBUG:root:Result: Selector: High Level Ordering of Strategies -> Success
DEBUG:root:Finish turn

DEBUG:root:Executing:Selector: High Level Ordering of Strategies
DEBUG:root:Executing:Sequence: Priority Attack Strategy
DEBUG:root:Executing:Check: have_sufficient_defenses
DEBUG:root:Result: Check: have_sufficient_defenses -> Success
DEBUG:root:Executing:Action: priority_attack
DEBUG:root:Order:5 2 21.0
DEBUG:root:Order:5 2 16.0
DEBUG:root:Order:22 14 1.0
DEBUG:root:Order:22 14 23.0
DEBUG:root:Order:22 14 6.0
DEBUG:root:Bad order:22 8.0 17.0
DEBUG:root:Order:22 14 6.0
DEBUG:root:Result: Action: priority_attack -> Success
DEBUG:root:Result: Sequence: Priority Attack Strategy -> Success
DEBUG:root:Result: Selector: High Level Ordering of Strategies -> Success
DEBUG:root:Finish turn

DEBUG:root:Executing:Selector: High Level Ordering of Strategies
DEBUG:root:Executing:Sequence: Priority Attack Strategy
DEBUG:root:Executing:Check: have_sufficient_defenses
DEBUG:root:Result: Check: have_sufficient_defenses -> Success
DEBUG:root:Executing:Action: priority_attack
DEBUG:root:Order:17 14 26.0
DEBUG:root:Order:17 14 4.0
DEBUG:root:Order:17 14 20.0
DEBUG:root:Order:21 10 11.0
DEBUG:root:Order:21 10 17.0
DEBUG:root:Result: Action: priority_attack -> Success
DEBUG:root:Result: Sequence: Priority Attack Strategy -> Success
DEBUG:root:Result: Selector: High Level Ordering of Strategies -> Success
DEBUG:root:Finish turn

DEBUG:root:Executing:Selector: High Level Ordering of Strategies
DEBUG:root:Executing:Sequence: Priority Attack Strategy
DEBUG:root:Executing:Check: have_sufficient_defenses
DEBUG:root:Result: Check: have_sufficient_defenses -> Success
DEBUG:root:Executing:Action: priority_attack
DEBUG:root:Order:1 8 10.0
DEBUG:root:Order:18 0 7.0
DEBUG:root:Order:18 0 7.0
DEBUG:root:Result: Action: priority_attack -> Success
DEBUG:root:Result: Sequence: Priority Attack Strategy -> Success
DEBUG:root:Result: Selector: High Level Ordering of Strategies -> Success
DEBUG:root:Finish turn

DEBUG:root:Executing:Selector: High Level Ordering of Strategies
DEBUG:root:Executing:Sequence: Priority Attack Strategy
DEBUG:root:Executing:Check: have_sufficient_defenses
DEBUG:root:Result: Check: have_sufficient_defenses -> Success
DEBUG:root:Executing:Action: priority_attack
DEBUG:root:Order:1 8 7.0
DEBUG:root:Order:16 0 1.0
DEBUG:root:Order:16 0 2.0
DEBUG:root:Order:16 0 3.0
DEBUG:root:Order:16 0 3.0
DEBUG:root:Result: Action: priority_attack -> Success
DEBUG:root:Result: Sequence: Priority Attack Strategy -> Success
DEBUG:root:Result: Selector: High Level Ordering of Strategies -> Success
DEBUG:root:Finish turn

DEBUG:root:Executing:Selector: High Level Ordering of Strategies
DEBUG:root:Executing:Sequence: Priority Attack Strategy
DEBUG:root:Executing:Check: have_sufficient_defenses
DEBUG:root:Result: Check: have_sufficient_defenses -> Success
DEBUG:root:Executing:Action: priority_attack
DEBUG:root:Order:1 8 8.0
DEBUG:root:Order:5 19 3.0
DEBUG:root:Order:5 19 6.0
DEBUG:root:Order:13 20 5.0
DEBUG:root:Order:13 20 5.0
DEBUG:root:Result: Action: priority_attack -> Success
DEBUG:root:Result: Sequence: Priority Attack Strategy -> Success
DEBUG:root:Result: Selector: High Level Ordering of Strategies -> Success
DEBUG:root:Finish turn

DEBUG:root:Executing:Selector: High Level Ordering of Strategies
DEBUG:root:Executing:Sequence: Priority Attack Strategy
DEBUG:root:Executing:Check: have_sufficient_defenses
DEBUG:root:Result: Check: have_sufficient_defenses -> Success
DEBUG:root:Executing:Action: priority_attack
DEBUG:root:Order:1 8 1.0
DEBUG:root:Order:1 8 8.0
DEBUG:root:Order:6 19 5.0
DEBUG:root:Order:6 19 3.0
DEBUG:root:Order:6 19 2.0
DEBUG:root:Order:18 20 1.0
DEBUG:root:Order:18 20 7.0
DEBUG:root:Order:18 20 3.0
DEBUG:root:Result: Action: priority_attack -> Success
DEBUG:root:Result: Sequence: Priority Attack Strategy -> Success
DEBUG:root:Result: Selector: High Level Ordering of Strategies -> Success
DEBUG:root:Finish turn

DEBUG:root:Executing:Selector: High Level Ordering of Strategies
DEBUG:root:Executing:Sequence: Priority Attack Strategy
DEBUG:root:Executing:Check: have_sufficient_defenses
DEBUG:root:Result: Check: have_sufficient_defenses -> Success
DEBUG:root:Executing:Action: priority_attack
DEBUG:root:Order:1 4 2.0
DEBUG:root:Order:1 4 9.0
DEBUG:root:Order:5 8 1.0
DEBUG:root:Order:5 8 7.0
DEBUG:root:Order:5 8 2.0
DEBUG:root:Order:16 19 5.0
DEBUG:root:Order:16 19 5.0
DEBUG:root:Order:16 19 1.0
DEBUG:root:Result: Action: priority_attack -> Success
DEBUG:root:Result: Sequence: Priority Attack Strategy -> Success
DEBUG:root:Result: Selector: High Level Ordering of Strategies -> Success
DEBUG:root:Finish turn

DEBUG:root:Executing:Selector: High Level Ordering of Strategies
DEBUG:root:Executing:Sequence: Priority Attack Strategy
DEBUG:root:Executing:Check: have_sufficient_defenses
DEBUG:root:Result: Check: have_sufficient_defenses -> Success
DEBUG:root:Executing:Action: priority_attack
DEBUG:root:Order:1 4 3.0
DEBUG:root:Order:1 4 10.0
DEBUG:root:Order:5 8 9.0
DEBUG:root:Order:5 8 2.0
DEBUG:root:Order:12 19 10.0
DEBUG:root:Order:12 19 2.0
DEBUG:root:Result: Action: priority_attack -> Success
DEBUG:root:Result: Sequence: Priority Attack Strategy -> Success
DEBUG:root:Result: Selector: High Level Ordering of Strategies -> Success
DEBUG:root:Finish turn

DEBUG:root:Executing:Selector: High Level Ordering of Strategies
DEBUG:root:Executing:Sequence: Priority Attack Strategy
DEBUG:root:Executing:Check: have_sufficient_defenses
DEBUG:root:Result: Check: have_sufficient_defenses -> Success
DEBUG:root:Executing:Action: priority_attack
DEBUG:root:Order:3 4 4.0
DEBUG:root:Order:3 4 3.0
DEBUG:root:Order:3 4 3.0
DEBUG:root:Order:3 4 5.0
DEBUG:root:Order:6 20 11.0
DEBUG:root:Order:18 11 1.0
DEBUG:root:Order:18 11 13.0
DEBUG:root:Order:18 11 10.0
DEBUG:root:Order:18 11 5.0
DEBUG:root:Order:18 11 13.0
DEBUG:root:Order:18 11 6.0
DEBUG:root:Result: Action: priority_attack -> Success
DEBUG:root:Result: Sequence: Priority Attack Strategy -> Success
DEBUG:root:Result: Selector: High Level Ordering of Strategies -> Success
DEBUG:root:Finish turn

DEBUG:root:Executing:Selector: High Level Ordering of Strategies
DEBUG:root:Executing:Sequence: Priority Attack Strategy
DEBUG:root:Executing:Check: have_sufficient_defenses
DEBUG:root:Result: Check: have_sufficient_defenses -> Success
DEBUG:root:Executing:Action: priority_attack
DEBUG:root:Order:2 4 5.0
DEBUG:root:Order:2 4 8.0
DEBUG:root:Order:2 4 4.0
DEBUG:root:Order:6 20 2.0
DEBUG:root:Order:6 20 7.0
DEBUG:root:Order:17 11 17.0
DEBUG:root:Order:17 11 5.0
DEBUG:root:Order:17 11 8.0
DEBUG:root:Order:17 11 14.0
DEBUG:root:Order:22 8 16.0
DEBUG:root:Order:22 8 1.0
DEBUG:root:Result: Action: priority_attack -> Success
DEBUG:root:Result: Sequence: Priority Attack Strategy -> Success
DEBUG:root:Result: Selector: High Level Ordering of Strategies -> Success
DEBUG:root:Finish turn

DEBUG:root:Executing:Selector: High Level Ordering of Strategies
DEBUG:root:Executing:Sequence: Priority Attack Strategy
DEBUG:root:Executing:Check: have_sufficient_defenses
DEBUG:root:Result: Check: have_sufficient_defenses -> Success
DEBUG:root:Executing:Action: priority_attack
DEBUG:root:Order:5 4 3.0
DEBUG:root:Order:5 4 13.0
DEBUG:root:Order:5 4 3.0
DEBUG:root:Order:12 20 5.0
DEBUG:root:Order:12 20 1.0
DEBUG:root:Order:12 20 4.0
DEBUG:root:Order:13 19 11.0
DEBUG:root:Result: Action: priority_attack -> Success
DEBUG:root:Result: Sequence: Priority Attack Strategy -> Success
DEBUG:root:Result: Selector: High Level Ordering of Strategies -> Success
DEBUG:root:Finish turn

DEBUG:root:Executing:Selector: High Level Ordering of Strategies
DEBUG:root:Executing:Sequence: Priority Attack Strategy
DEBUG:root:Executing:Check: have_sufficient_defenses
DEBUG:root:Result: Check: have_sufficient_defenses -> Success
DEBUG:root:Executing:Action: priority_attack
DEBUG:root:Order:1 20 4.0
DEBUG:root:Order:1 20 1.0
DEBUG:root:Order:14 15 2.0
DEBUG:root:Order:14 15 10.0
DEBUG:root:Order:14 15 2.0
DEBUG:root:Order:14 15 1.0
DEBUG:root:Order:14 15 14.0
DEBUG:root:Order:14 15 7.0
DEBUG:root:Result: Action: priority_attack -> Success
DEBUG:root:Result: Sequence: Priority Attack Strategy -> Success
DEBUG:root:Result: Selector: High Level Ordering of Strategies -> Success
DEBUG:root:Finish turn

DEBUG:root:Executing:Selector: High Level Ordering of Strategies
DEBUG:root:Executing:Sequence: Priority Attack Strategy
DEBUG:root:Executing:Check: have_sufficient_defenses
DEBUG:root:Result: Check: have_sufficient_defenses -> Success
DEBUG:root:Executing:Action: priority_attack
DEBUG:root:Order:6 14 5.0
DEBUG:root:Order:6 14 18.0
DEBUG:root:Order:6 14 4.0
DEBUG:root:Order:6 14 1.0
DEBUG:root:Order:12 19 3.0
DEBUG:root:Order:12 19 3.0
DEBUG:root:Order:12 19 1.0
DEBUG:root:Result: Action: priority_attack -> Success
DEBUG:root:Result: Sequence: Priority Attack Strategy -> Success
DEBUG:root:Result: Selector: High Level Ordering of Strategies -> Success
DEBUG:root:Finish turn

DEBUG:root:Executing:Selector: High Level Ordering of Strategies
DEBUG:root:Executing:Sequence: Priority Attack Strategy
DEBUG:root:Executing:Check: have_sufficient_defenses
DEBUG:root:Result: Check: have_sufficient_defenses -> Success
DEBUG:root:Executing:Action: priority_attack
DEBUG:root:Order:3 11 6.0
DEBUG:root:Bad order:3 16.0 23.0
DEBUG:root:Order:3 11 3.0
DEBUG:root:Order:13 19 3.0
DEBUG:root:Order:13 19 4.0
DEBUG:root:Order:13 19 5.0
DEBUG:root:Order:21 8 3.0
DEBUG:root:Order:21 8 20.0
DEBUG:root:Order:21 8 1.0
DEBUG:root:Order:21 8 2.0
DEBUG:root:Result: Action: priority_attack -> Success
DEBUG:root:Result: Sequence: Priority Attack Strategy -> Success
DEBUG:root:Result: Selector: High Level Ordering of Strategies -> Success
DEBUG:root:Finish turn

DEBUG:root:Executing:Selector: High Level Ordering of Strategies
DEBUG:root:Executing:Sequence: Priority Attack Strategy
DEBUG:root:Executing:Check: have_sufficient_defenses
DEBUG:root:Result: Check: have_sufficient_defenses -> Success
DEBUG:root:Executing:Action: priority_attack
DEBUG:root:Order:4 11 13.0
DEBUG:root:Bad order:4 11.0 28.0
DEBUG:root:Order:4 11 7.0
DEBUG:root:Order:10 19 8.0
DEBUG:root:Order:10 19 1.0
DEBUG:root:Order:10 19 4.0
DEBUG:root:Order:15 8 3.0
DEBUG:root:Order:15 8 14.0
DEBUG:root:Order:15 8 6.0
DEBUG:root:Result: Action: priority_attack -> Success
DEBUG:root:Result: Sequence: Priority Attack Strategy -> Success
DEBUG:root:Result: Selector: High Level Ordering of Strategies -> Success
DEBUG:root:Finish turn

DEBUG:root:Executing:Selector: High Level Ordering of Strategies
DEBUG:root:Executing:Sequence: Priority Attack Strategy
DEBUG:root:Executing:Check: have_sufficient_defenses
DEBUG:root:Result: Check: have_sufficient_defenses -> Success
DEBUG:root:Executing:Action: priority_attack
DEBUG:root:Order:1 14 10.0
DEBUG:root:Order:1 14 9.0
DEBUG:root:Order:5 4 2.0
DEBUG:root:Order:5 4 1.0
DEBUG:root:Order:5 4 8.0
DEBUG:root:Order:17 11 2.0
DEBUG:root:Order:17 11 4.0
DEBUG:root:Order:17 11 7.0
DEBUG:root:Order:17 11 18.0
DEBUG:root:Bad order:17 13.0 26.0
DEBUG:root:Order:17 11 4.0
DEBUG:root:Order:20 19 8.0
DEBUG:root:Order:20 19 17.0
DEBUG:root:Result: Action: priority_attack -> Success
DEBUG:root:Result: Sequence: Priority Attack Strategy -> Success
DEBUG:root:Result: Selector: High Level Ordering of Strategies -> Success
DEBUG:root:Finish turn

DEBUG:root:Executing:Selector: High Level Ordering of Strategies
DEBUG:root:Executing:Sequence: Priority Attack Strategy
DEBUG:root:Executing:Check: have_sufficient_defenses
DEBUG:root:Result: Check: have_sufficient_defenses -> Success
DEBUG:root:Executing:Action: priority_attack
DEBUG:root:Order:1 4 9.0
DEBUG:root:Order:1 4 4.0
DEBUG:root:Order:10 14 7.0
DEBUG:root:Order:10 14 3.0
DEBUG:root:Order:10 14 7.0
DEBUG:root:Bad order:10 5.0 7.0
DEBUG:root:Order:10 14 3.0
DEBUG:root:Order:18 11 11.0
DEBUG:root:Order:18 11 22.0
DEBUG:root:Bad order:18 20.0 29.0
DEBUG:root:Order:18 11 3.0
DEBUG:root:Order:21 8 16.0
DEBUG:root:Order:21 8 1.0
DEBUG:root:Result: Action: priority_attack -> Success
DEBUG:root:Result: Sequence: Priority Attack Strategy -> Success
DEBUG:root:Result: Selector: High Level Ordering of Strategies -> Success
DEBUG:root:Finish turn

DEBUG:root:Executing:Selector: High Level Ordering of Strategies
DEBUG:root:Executing:Sequence: Priority Attack Strategy
DEBUG:root:Executing:Check: have_sufficient_defenses
DEBUG:root:Result: Check: have_sufficient_defenses -> Success
DEBUG:root:Executing:Action: priority_attack
DEBUG:root:Order:1 4 10.0
DEBUG:root:Order:1 4 5.0
DEBUG:root:Order:6 14 12.0
DEBUG:root:Order:6 14 5.0
DEBUG:root:Order:6 14 12.0
DEBUG:root:Order:6 14 2.0
DEBUG:root:Order:12 8 11.0
DEBUG:root:Order:20 11 26.0
DEBUG:root:Bad order:20 8.0 32.0
DEBUG:root:Bad order:20 8.0 19.0
DEBUG:root:Result: Action: priority_attack -> Success
DEBUG:root:Result: Sequence: Priority Attack Strategy -> Success
DEBUG:root:Result: Selector: High Level Ordering of Strategies -> Success
DEBUG:root:Finish turn

DEBUG:root:Executing:Selector: High Level Ordering of Strategies
DEBUG:root:Executing:Sequence: Priority Attack Strategy
DEBUG:root:Executing:Check: have_sufficient_defenses
DEBUG:root:Result: Check: have_sufficient_defenses -> Success
DEBUG:root:Executing:Action: priority_attack
DEBUG:root:Order:2 9 11.0
DEBUG:root:Order:2 9 1.0
DEBUG:root:Order:2 9 1.0
DEBUG:root:Order:8 14 7.0
DEBUG:root:Bad order:8 6.0 17.0
DEBUG:root:Order:8 14 1.0
DEBUG:root:Order:8 14 2.0
DEBUG:root:Order:13 4 8.0
DEBUG:root:Order:13 4 9.0
DEBUG:root:Result: Action: priority_attack -> Success
DEBUG:root:Result: Sequence: Priority Attack Strategy -> Success
DEBUG:root:Result: Selector: High Level Ordering of Strategies -> Success
DEBUG:root:Finish turn

DEBUG:root:Executing:Selector: High Level Ordering of Strategies
DEBUG:root:Executing:Sequence: Priority Attack Strategy
DEBUG:root:Executing:Check: have_sufficient_defenses
DEBUG:root:Result: Check: have_sufficient_defenses -> Success
DEBUG:root:Executing:Action: priority_attack
DEBUG:root:Order:3 14 12.0
DEBUG:root:Order:3 14 6.0
DEBUG:root:Bad order:3 7.0 9.0
DEBUG:root:Order:3 14 4.0
DEBUG:root:Bad order:7 10.0 22.0
DEBUG:root:Order:7 9 2.0
DEBUG:root:Bad order:20 10.0 12.0
DEBUG:root:Bad order:20 10.0 17.0
DEBUG:root:Bad order:20 10.0 38.0
DEBUG:root:Order:20 11 1.0
DEBUG:root:Result: Action: priority_attack -> Success
DEBUG:root:Result: Sequence: Priority Attack Strategy -> Success
DEBUG:root:Result: Selector: High Level Ordering of Strategies -> Success
DEBUG:root:Finish turn

DEBUG:root:Executing:Selector: High Level Ordering of Strategies
DEBUG:root:Executing:Sequence: Priority Attack Strategy
DEBUG:root:Executing:Check: have_sufficient_defenses
DEBUG:root:Result: Check: have_sufficient_defenses -> Success
DEBUG:root:Executing:Action: priority_attack
DEBUG:root:Order:0 8 6.0
DEBUG:root:Order:5 14 11.0
DEBUG:root:Order:5 14 14.0
DEBUG:root:Order:5 14 11.0
DEBUG:root:Order:16 11 1.0
DEBUG:root:Order:16 11 16.0
DEBUG:root:Order:16 11 21.0
DEBUG:root:Order:16 11 1.0
DEBUG:root:Order:16 11 4.0
DEBUG:root:Order:22 19 2.0
DEBUG:root:Order:22 19 6.0
DEBUG:root:Order:22 19 17.0
DEBUG:root:Result: Action: priority_attack -> Success
DEBUG:root:Result: Sequence: Priority Attack Strategy -> Success
DEBUG:root:Result: Selector: High Level Ordering of Strategies -> Success
DEBUG:root:Finish turn

DEBUG:root:Executing:Selector: High Level Ordering of Strategies
DEBUG:root:Executing:Sequence: Priority Attack Strategy
DEBUG:root:Executing:Check: have_sufficient_defenses
DEBUG:root:Result: Check: have_sufficient_defenses -> Success
DEBUG:root:Executing:Action: priority_attack
DEBUG:root:Order:2 14 8.0
DEBUG:root:Order:2 14 16.0
DEBUG:root:Order:2 14 16.0
DEBUG:root:Order:12 19 1.0
DEBUG:root:Order:12 19 2.0
DEBUG:root:Order:12 19 20.0
DEBUG:root:Result: Action: priority_attack -> Success
DEBUG:root:Result: Sequence: Priority Attack Strategy -> Success
DEBUG:root:Result: Selector: High Level Ordering of Strategies -> Success
DEBUG:root:Finish turn

DEBUG:root:Executing:Selector: High Level Ordering of Strategies
DEBUG:root:Executing:Sequence: Priority Attack Strategy
DEBUG:root:Executing:Check: have_sufficient_defenses
DEBUG:root:Result: Check: have_sufficient_defenses -> Success
DEBUG:root:Executing:Action: priority_attack
DEBUG:root:Order:8 14 9.0
DEBUG:root:Bad order:8 8.0 21.0
DEBUG:root:Order:8 14 1.0
DEBUG:root:Order:8 14 6.0
DEBUG:root:Bad order:8 1.0 3.0
DEBUG:root:Bad order:8 1.0 4.0
DEBUG:root:Order:13 19 1.0
DEBUG:root:Order:13 19 14.0
DEBUG:root:Result: Action: priority_attack -> Success
DEBUG:root:Result: Sequence: Priority Attack Strategy -> Success
DEBUG:root:Result: Selector: High Level Ordering of Strategies -> Success
DEBUG:root:Finish turn

DEBUG:root:Executing:Selector: High Level Ordering of Strategies
DEBUG:root:Executing:Sequence: Priority Attack Strategy
DEBUG:root:Executing:Check: have_sufficient_defenses
DEBUG:root:Result: Check: have_sufficient_defenses -> Success
DEBUG:root:Executing:Action: priority_attack
DEBUG:root:Order:6 14 10.0
DEBUG:root:Order:6 14 26.0
DEBUG:root:Order:6 14 6.0
DEBUG:root:Order:6 14 6.0
DEBUG:root:Order:9 19 4.0
DEBUG:root:Order:9 19 3.0
DEBUG:root:Order:9 19 9.0
DEBUG:root:Result: Action: priority_attack -> Success
DEBUG:root:Result: Sequence: Priority Attack Strategy -> Success
DEBUG:root:Result: Selector: High Level Ordering of Strategies -> Success
DEBUG:root:Finish turn

DEBUG:root:Executing:Selector: High Level Ordering of Strategies
DEBUG:root:Executing:Sequence: Priority Attack Strategy
DEBUG:root:Executing:Check: have_sufficient_defenses
DEBUG:root:Result: Check: have_sufficient_defenses -> Success
DEBUG:root:Executing:Action: priority_attack
DEBUG:root:Order:0 19 7.0
DEBUG:root:Order:2 14 31.0
DEBUG:root:Order:2 14 21.0
DEBUG:root:Result: Action: priority_attack -> Success
DEBUG:root:Result: Sequence: Priority Attack Strategy -> Success
DEBUG:root:Result: Selector: High Level Ordering of Strategies -> Success
DEBUG:root:Finish turn

DEBUG:root:Executing:Selector: High Level Ordering of Strategies
DEBUG:root:Executing:Sequence: Priority Attack Strategy
DEBUG:root:Executing:Check: have_sufficient_defenses
DEBUG:root:Result: Check: have_sufficient_defenses -> Success
DEBUG:root:Executing:Action: priority_attack
DEBUG:root:Order:1 19 5.0
DEBUG:root:Order:1 19 3.0
DEBUG:root:Order:9 14 2.0
DEBUG:root:Order:9 14 16.0
DEBUG:root:Order:9 14 6.0
DEBUG:root:Order:9 14 15.0
DEBUG:root:Bad order:9 13.0 22.0
DEBUG:root:Result: Action: priority_attack -> Success
DEBUG:root:Result: Sequence: Priority Attack Strategy -> Success
DEBUG:root:Result: Selector: High Level Ordering of Strategies -> Success
DEBUG:root:Finish turn

DEBUG:root:Executing:Selector: High Level Ordering of Strategies
DEBUG:root:Executing:Sequence: Priority Attack Strategy
DEBUG:root:Executing:Check: have_sufficient_defenses
DEBUG:root:Result: Check: have_sufficient_defenses -> Success
DEBUG:root:Executing:Action: priority_attack
DEBUG:root:Order:1 19 6.0
DEBUG:root:Order:1 19 3.0
DEBUG:root:Order:8 14 1.0
DEBUG:root:Order:8 14 4.0
DEBUG:root:Order:8 14 21.0
DEBUG:root:Order:8 14 7.0
DEBUG:root:Bad order:8 15.0 32.0
DEBUG:root:Result: Action: priority_attack -> Success
DEBUG:root:Result: Sequence: Priority Attack Strategy -> Success
DEBUG:root:Result: Selector: High Level Ordering of Strategies -> Success
DEBUG:root:Finish turn

DEBUG:root:Executing:Selector: High Level Ordering of Strategies
DEBUG:root:Executing:Sequence: Priority Attack Strategy
DEBUG:root:Executing:Check: have_sufficient_defenses
DEBUG:root:Result: Check: have_sufficient_defenses -> Success
DEBUG:root:Executing:Action: priority_attack
DEBUG:root:Order:5 14 7.0
DEBUG:root:Order:5 14 29.0
DEBUG:root:Order:5 14 3.0
DEBUG:root:Order:5 14 6.0
DEBUG:root:Bad order:5 21.0 24.0
DEBUG:root:Result: Action: priority_attack -> Success
DEBUG:root:Result: Sequence: Priority Attack Strategy -> Success
DEBUG:root:Result: Selector: High Level Ordering of Strategies -> Success
DEBUG:root:Finish turn

DEBUG:root:Executing:Selector: High Level Ordering of Strategies
DEBUG:root:Executing:Sequence: Priority Attack Strategy
DEBUG:root:Executing:Check: have_sufficient_defenses
DEBUG:root:Result: Check: have_sufficient_defenses -> Success
DEBUG:root:Executing:Action: priority_attack
DEBUG:root:Order:9 14 8.0
DEBUG:root:Bad order:9 11.0 34.0
DEBUG:root:Order:9 14 5.0
DEBUG:root:Bad order:9 6.0 8.0
DEBUG:root:Bad order:9 6.0 9.0
DEBUG:root:Bad order:9 6.0 7.0
DEBUG:root:Order:9 14 2.0
DEBUG:root:Result: Action: priority_attack -> Success
DEBUG:root:Result: Sequence: Priority Attack Strategy -> Success
DEBUG:root:Result: Selector: High Level Ordering of Strategies -> Success
DEBUG:root:Finish turn

DEBUG:root:Executing:Selector: High Level Ordering of Strategies
DEBUG:root:Executing:Sequence: Priority Attack Strategy
DEBUG:root:Executing:Check: have_sufficient_defenses
DEBUG:root:Result: Check: have_sufficient_defenses -> Success
DEBUG:root:Executing:Action: priority_attack
DEBUG:root:Order:0 20 8.0
DEBUG:root:Bad order:8 33.0 39.0
DEBUG:root:Order:8 14 1.0
DEBUG:root:Order:8 14 7.0
DEBUG:root:Order:8 14 7.0
DEBUG:root:Order:8 14 10.0
DEBUG:root:Bad order:8 8.0 17.0
DEBUG:root:Result: Action: priority_attack -> Success
DEBUG:root:Result: Sequence: Priority Attack Strategy -> Success
DEBUG:root:Result: Selector: High Level Ordering of Strategies -> Success
DEBUG:root:Finish turn

DEBUG:root:Executing:Selector: High Level Ordering of Strategies
DEBUG:root:Executing:Sequence: Priority Attack Strategy
DEBUG:root:Executing:Check: have_sufficient_defenses
DEBUG:root:Result: Check: have_sufficient_defenses -> Success
DEBUG:root:Executing:Action: priority_attack
DEBUG:root:Order:1 20 2.0
DEBUG:root:Order:1 20 7.0
DEBUG:root:Order:11 14 6.0
DEBUG:root:Order:11 14 9.0
DEBUG:root:Order:11 14 8.0
DEBUG:root:Order:11 14 11.0
DEBUG:root:Order:11 14 7.0
DEBUG:root:Order:11 14 5.0
DEBUG:root:Order:11 14 8.0
DEBUG:root:Bad order:11 19.0 41.0
DEBUG:root:Result: Action: priority_attack -> Success
DEBUG:root:Result: Sequence: Priority Attack Strategy -> Success
DEBUG:root:Result: Selector: High Level Ordering of Strategies -> Success
DEBUG:root:Finish turn

DEBUG:root:Executing:Selector: High Level Ordering of Strategies
DEBUG:root:Executing:Sequence: Priority Attack Strategy
DEBUG:root:Executing:Check: have_sufficient_defenses
DEBUG:root:Result: Check: have_sufficient_defenses -> Success
DEBUG:root:Executing:Action: priority_attack
DEBUG:root:Order:1 14 3.0
DEBUG:root:Order:1 14 35.0
DEBUG:root:Order:2 20 10.0
DEBUG:root:Result: Action: priority_attack -> Success
DEBUG:root:Result: Sequence: Priority Attack Strategy -> Success
DEBUG:root:Result: Selector: High Level Ordering of Strategies -> Success
DEBUG:root:Finish turn

DEBUG:root:Executing:Selector: High Level Ordering of Strategies
DEBUG:root:Executing:Sequence: Priority Attack Strategy
DEBUG:root:Executing:Check: have_sufficient_defenses
DEBUG:root:Result: Check: have_sufficient_defenses -> Success
DEBUG:root:Executing:Action: priority_attack
DEBUG:root:Order:1 8 4.0
DEBUG:root:Order:1 8 4.0
DEBUG:root:Order:3 20 6.0
DEBUG:root:Order:3 20 8.0
DEBUG:root:Result: Action: priority_attack -> Success
DEBUG:root:Result: Sequence: Priority Attack Strategy -> Success
DEBUG:root:Result: Selector: High Level Ordering of Strategies -> Success
DEBUG:root:Finish turn

DEBUG:root:Executing:Selector: High Level Ordering of Strategies
DEBUG:root:Executing:Sequence: Priority Attack Strategy
DEBUG:root:Executing:Check: have_sufficient_defenses
DEBUG:root:Result: Check: have_sufficient_defenses -> Success
DEBUG:root:Executing:Action: priority_attack
DEBUG:root:Order:1 8 5.0
DEBUG:root:Order:1 8 4.0
DEBUG:root:Order:4 20 11.0
DEBUG:root:Order:4 20 1.0
DEBUG:root:Order:4 20 3.0
DEBUG:root:Result: Action: priority_attack -> Success
DEBUG:root:Result: Sequence: Priority Attack Strategy -> Success
DEBUG:root:Result: Selector: High Level Ordering of Strategies -> Success
DEBUG:root:Finish turn

DEBUG:root:Executing:Selector: High Level Ordering of Strategies
DEBUG:root:Executing:Sequence: Priority Attack Strategy
DEBUG:root:Executing:Check: have_sufficient_defenses
DEBUG:root:Result: Check: have_sufficient_defenses -> Success
DEBUG:root:Executing:Action: priority_attack
DEBUG:root:Order:2 8 6.0
DEBUG:root:Order:2 8 4.0
DEBUG:root:Order:4 20 3.0
DEBUG:root:Order:4 20 13.0
DEBUG:root:Result: Action: priority_attack -> Success
DEBUG:root:Result: Sequence: Priority Attack Strategy -> Success
DEBUG:root:Result: Selector: High Level Ordering of Strategies -> Success
DEBUG:root:Finish turn

DEBUG:root:Executing:Selector: High Level Ordering of Strategies
DEBUG:root:Executing:Sequence: Priority Attack Strategy
DEBUG:root:Executing:Check: have_sufficient_defenses
DEBUG:root:Result: Check: have_sufficient_defenses -> Success
DEBUG:root:Executing:Action: priority_attack
DEBUG:root:Order:1 20 7.0
DEBUG:root:Order:1 20 1.0
DEBUG:root:Order:2 8 11.0
DEBUG:root:Result: Action: priority_attack -> Success
DEBUG:root:Result: Sequence: Priority Attack Strategy -> Success
DEBUG:root:Result: Selector: High Level Ordering of Strategies -> Success
DEBUG:root:Finish turn

DEBUG:root:Executing:Selector: High Level Ordering of Strategies
DEBUG:root:Executing:Sequence: Priority Attack Strategy
DEBUG:root:Executing:Check: have_sufficient_defenses
DEBUG:root:Result: Check: have_sufficient_defenses -> Success
DEBUG:root:Executing:Action: priority_attack
DEBUG:root:Order:1 20 8.0
DEBUG:root:Order:1 20 1.0
DEBUG:root:Order:3 8 5.0
DEBUG:root:Order:3 8 7.0
DEBUG:root:Result: Action: priority_attack -> Success
DEBUG:root:Result: Sequence: Priority Attack Strategy -> Success
DEBUG:root:Result: Selector: High Level Ordering of Strategies -> Success
DEBUG:root:Finish turn

