DEBUG:root:Order:2 3 10.0
DEBUG:root:Finish turn

DEBUG:root:Order:2 4 10.0
DEBUG:root:Finish turn

DEBUG:root:Order:2 19 15.0
DEBUG:root:Finish turn

DEBUG:root:Order:2 20 15.0
DEBUG:root:Order:2 4 32
DEBUG:root:Finish turn

DEBUG:root:Order:2 15 20.0
DEBUG:root:Bad order:4 3.0 7
DEBUG:root:Finish turn

DEBUG:root:Order:2 16 20.0
DEBUG:root:Order:4 0 26.0
DEBUG:root:Order:4 2 3
DEBUG:root:Finish turn

DEBUG:root:Order:2 4 1
DEBUG:root:Finish turn

DEBUG:root:Order:2 19 6
DEBUG:root:Order:4 19 2
DEBUG:root:Finish turn

DEBUG:root:Order:2 19 3
DEBUG:root:Finish turn

DEBUG:root:Order:2 19 1
DEBUG:root:Order:2 4 2
DEBUG:root:Finish turn

DEBUG:root:Order:2 19 1
DEBUG:root:Finish turn

DEBUG:root:Order:2 15 7
DEBUG:root:Order:4 15 4
DEBUG:root:Order:19 15 1
DEBUG:root:Finish turn

DEBUG:root:Order:2 15 1
DEBUG:root:Order:2 19 1
DEBUG:root:Order:2 4 2
DEBUG:root:Finish turn

DEBUG:root:Order:2 15 2
DEBUG:root:Order:4 15 1
DEBUG:root:Order:4 19 2
DEBUG:root:Finish turn

DEBUG:root:Order:2 4 1
DEBUG:root:Order:2 15 2
DEBUG:root:Finish turn

DEBUG:root:Order:2 19 1
DEBUG:root:Order:15 19 1
DEBUG:root:Order:15 4 1
DEBUG:root:Finish turn

DEBUG:root:Order:2 19 2
DEBUG:root:Order:2 4 1
DEBUG:root:Finish turn

DEBUG:root:Order:2 19 1
DEBUG:root:Order:2 4 2
DEBUG:root:Finish turn

DEBUG:root:Order:2 0 7
DEBUG:root:Order:4 0 6
DEBUG:root:Order:15 0 6
DEBUG:root:Order:19 0 3
DEBUG:root:Finish turn

DEBUG:root:Order:2 0 6
DEBUG:root:Order:15 0 4
DEBUG:root:Order:4 0 3
DEBUG:root:Order:19 0 2
DEBUG:root:Finish turn

DEBUG:root:Order:2 0 5
DEBUG:root:Order:15 0 3
DEBUG:root:Order:4 0 2
DEBUG:root:Order:19 0 1
DEBUG:root:Finish turn

DEBUG:root:Order:2 0 6
DEBUG:root:Order:15 0 4
DEBUG:root:Order:4 0 3
DEBUG:root:Order:19 0 2
DEBUG:root:Finish turn

DEBUG:root:Order:2 0 6
DEBUG:root:Order:15 0 4
DEBUG:root:Order:4 0 3
DEBUG:root:Order:19 0 2
DEBUG:root:Finish turn

DEBUG:root:Order:2 0 3
DEBUG:root:Order:2 19 1
DEBUG:root:Finish turn

DEBUG:root:Order:2 0 1
DEBUG:root:Order:2 19 1
DEBUG:root:Order:2 4 1
DEBUG:root:Order:15 4 1
DEBUG:root:Finish turn

DEBUG:root:Order:2 0 1
DEBUG:root:Order:2 19 1
DEBUG:root:Finish turn

DEBUG:root:Order:2 0 1
DEBUG:root:Order:15 0 1
DEBUG:root:Order:15 19 1
DEBUG:root:Finish turn

DEBUG:root:Order:15 9 40.0
DEBUG:root:Order:2 15 11
DEBUG:root:Order:4 15 8
DEBUG:root:Order:0 15 6
DEBUG:root:Order:19 15 5
DEBUG:root:Finish turn

DEBUG:root:Order:2 0 8
DEBUG:root:Order:4 0 5
DEBUG:root:Order:15 0 4
DEBUG:root:Order:19 0 4
DEBUG:root:Finish turn

DEBUG:root:Order:2 0 1
DEBUG:root:Order:2 19 1
DEBUG:root:Order:2 4 2
DEBUG:root:Finish turn

DEBUG:root:Finish turn

DEBUG:root:Order:2 19 9
DEBUG:root:Order:15 19 7
DEBUG:root:Order:4 19 6
DEBUG:root:Finish turn

DEBUG:root:Order:2 0 7
DEBUG:root:Order:15 0 5
DEBUG:root:Order:4 0 4
DEBUG:root:Finish turn

DEBUG:root:Order:2 0 3
DEBUG:root:Order:2 19 1
DEBUG:root:Finish turn

DEBUG:root:Order:2 0 5
DEBUG:root:Order:15 0 5
DEBUG:root:Order:4 0 3
DEBUG:root:Order:19 0 1
DEBUG:root:Finish turn

DEBUG:root:Order:2 0 7
DEBUG:root:Order:15 0 5
DEBUG:root:Order:4 0 4
DEBUG:root:Order:19 0 3
DEBUG:root:Finish turn

DEBUG:root:Order:19 10 40.0
DEBUG:root:Order:2 19 10
DEBUG:root:Order:15 19 8
DEBUG:root:Order:4 19 7
DEBUG:root:Order:0 19 5
DEBUG:root:Finish turn

DEBUG:root:Order:2 19 3
DEBUG:root:Order:15 19 1
DEBUG:root:Order:15 0 1
DEBUG:root:Finish turn

DEBUG:root:Order:2 19 2
DEBUG:root:Order:2 0 1
DEBUG:root:Finish turn

DEBUG:root:Order:2 0 1
DEBUG:root:Order:2 19 1
DEBUG:root:Order:2 4 2
DEBUG:root:Finish turn

DEBUG:root:Order:2 0 1
DEBUG:root:Order:2 19 1
DEBUG:root:Finish turn

DEBUG:root:Order:2 0 1
DEBUG:root:Order:15 0 1
DEBUG:root:Order:15 19 1
DEBUG:root:Finish turn

DEBUG:root:Order:19 5 46.0
DEBUG:root:Order:2 9 23
DEBUG:root:Order:4 9 20
DEBUG:root:Order:15 9 9
DEBUG:root:Order:15 19 20
DEBUG:root:Order:0 19 9
DEBUG:root:Finish turn

DEBUG:root:Order:0 15 7
DEBUG:root:Order:2 15 1
DEBUG:root:Order:2 19 1
DEBUG:root:Order:2 4 2
DEBUG:root:Finish turn

DEBUG:root:Order:2 19 1
DEBUG:root:Order:2 0 1
DEBUG:root:Order:4 0 1
DEBUG:root:Finish turn

DEBUG:root:Order:2 19 2
DEBUG:root:Order:2 9 1
DEBUG:root:Finish turn

DEBUG:root:Order:2 19 1
DEBUG:root:Order:2 4 1
DEBUG:root:Order:15 4 1
DEBUG:root:Finish turn

DEBUG:root:Order:2 15 5
DEBUG:root:Order:4 15 4
DEBUG:root:Order:9 15 2
DEBUG:root:Order:19 15 1
DEBUG:root:Finish turn

DEBUG:root:Order:2 0 6
DEBUG:root:Order:4 0 3
DEBUG:root:Order:9 0 3
DEBUG:root:Order:15 0 3
DEBUG:root:Order:19 0 2
DEBUG:root:Finish turn

DEBUG:root:Order:2 0 6
DEBUG:root:Order:15 0 4
DEBUG:root:Order:4 0 3
DEBUG:root:Order:9 0 3
DEBUG:root:Order:19 0 2
DEBUG:root:Finish turn

DEBUG:root:Order:2 5 12
DEBUG:root:Order:15 5 10
DEBUG:root:Order:4 5 9
DEBUG:root:Order:9 5 9
DEBUG:root:Order:0 5 8
DEBUG:root:Order:19 5 8
DEBUG:root:Finish turn

DEBUG:root:Order:2 0 1
DEBUG:root:Order:2 19 1
DEBUG:root:Order:2 4 2
DEBUG:root:Finish turn

DEBUG:root:Order:5 19 6
DEBUG:root:Order:2 19 4
DEBUG:root:Order:4 19 4
DEBUG:root:Order:15 19 4
DEBUG:root:Order:9 19 2
DEBUG:root:Order:0 19 1
DEBUG:root:Finish turn

DEBUG:root:Order:2 0 6
DEBUG:root:Order:5 0 6
DEBUG:root:Order:15 0 4
DEBUG:root:Order:4 0 3
DEBUG:root:Order:9 0 3
DEBUG:root:Finish turn

DEBUG:root:Order:2 19 3
DEBUG:root:Order:5 19 1
DEBUG:root:Order:5 0 3
DEBUG:root:Finish turn

DEBUG:root:Order:10 0 7
DEBUG:root:Order:2 0 5
DEBUG:root:Order:5 0 4
DEBUG:root:Order:15 0 4
DEBUG:root:Order:4 0 2
DEBUG:root:Order:9 0 2
DEBUG:root:Order:19 0 1
DEBUG:root:Finish turn

DEBUG:root:Order:2 10 7
DEBUG:root:Order:5 10 7
DEBUG:root:Order:15 10 5
DEBUG:root:Order:4 10 4
DEBUG:root:Order:9 10 4
DEBUG:root:Order:19 10 3
DEBUG:root:Order:0 10 1
DEBUG:root:Finish turn

DEBUG:root:Order:9 11 54.0
DEBUG:root:Order:2 9 13
DEBUG:root:Order:5 9 13
DEBUG:root:Order:15 9 11
DEBUG:root:Order:4 9 6
DEBUG:root:Order:4 0 10
DEBUG:root:Order:19 0 9
DEBUG:root:Finish turn

DEBUG:root:Order:2 4 3
DEBUG:root:Order:5 4 3
DEBUG:root:Order:5 0 2
DEBUG:root:Order:5 9 1
DEBUG:root:Order:5 19 1
DEBUG:root:Finish turn

DEBUG:root:Order:2 0 1
DEBUG:root:Order:2 5 1
DEBUG:root:Order:2 19 1
DEBUG:root:Order:2 4 2
DEBUG:root:Order:10 4 2
DEBUG:root:Order:15 4 1
DEBUG:root:Finish turn

DEBUG:root:Order:4 0 2
DEBUG:root:Order:4 19 2
DEBUG:root:Order:4 9 1
DEBUG:root:Order:4 2 3
DEBUG:root:Order:5 2 1
DEBUG:root:Finish turn

DEBUG:root:Order:2 4 4
DEBUG:root:Order:2 0 1
DEBUG:root:Order:2 19 1
DEBUG:root:Order:2 9 6
DEBUG:root:Order:5 9 3
DEBUG:root:Order:15 9 1
DEBUG:root:Finish turn

DEBUG:root:Order:5 2 2
DEBUG:root:Order:5 0 1
DEBUG:root:Order:5 19 1
DEBUG:root:Order:5 4 3
DEBUG:root:Order:15 4 1
DEBUG:root:Finish turn

DEBUG:root:Order:4 0 2
DEBUG:root:Order:4 19 2
DEBUG:root:Order:4 5 1
DEBUG:root:Order:4 10 1
DEBUG:root:Finish turn

DEBUG:root:Order:2 4 3
DEBUG:root:Order:2 0 1
DEBUG:root:Order:2 19 1
DEBUG:root:Finish turn

DEBUG:root:Order:5 13 62.0
DEBUG:root:Order:2 5 11
DEBUG:root:Order:15 5 11
DEBUG:root:Order:4 5 8
DEBUG:root:Order:0 5 7
DEBUG:root:Order:19 5 7
DEBUG:root:Finish turn

DEBUG:root:Order:2 0 1
DEBUG:root:Order:2 5 1
DEBUG:root:Order:2 19 1
DEBUG:root:Order:2 4 2
DEBUG:root:Finish turn

DEBUG:root:Order:5 0 2
DEBUG:root:Order:5 19 2
DEBUG:root:Finish turn

DEBUG:root:Order:2 11 23
DEBUG:root:Order:15 11 22
DEBUG:root:Order:4 11 21
DEBUG:root:Order:5 11 21
DEBUG:root:Order:19 11 19
DEBUG:root:Finish turn

DEBUG:root:Order:2 11 2
DEBUG:root:Order:2 19 1
DEBUG:root:Order:2 4 2
DEBUG:root:Order:5 4 2
DEBUG:root:Finish turn

DEBUG:root:Order:0 19 4
DEBUG:root:Order:0 2 2
DEBUG:root:Order:0 11 1
DEBUG:root:Bad order:0 0.0 1
DEBUG:root:Finish turn

DEBUG:root:Order:2 0 5
DEBUG:root:Order:11 0 4
DEBUG:root:Order:4 0 3
DEBUG:root:Order:15 0 2
DEBUG:root:Order:19 0 1
DEBUG:root:Finish turn

DEBUG:root:Order:11 14 62.0
DEBUG:root:Bad order:2 13.0 14
DEBUG:root:Order:15 11 12
DEBUG:root:Bad order:4 8.0 11
DEBUG:root:Bad order:19 4.0 10
DEBUG:root:Order:9 11 6
DEBUG:root:Finish turn

DEBUG:root:Bad order:2 18.0 19
DEBUG:root:Bad order:4 12.0 13
DEBUG:root:Bad order:19 5.0 11
DEBUG:root:Order:15 11 3
DEBUG:root:Order:9 11 2
DEBUG:root:Finish turn

DEBUG:root:Bad order:2 23.0 28
DEBUG:root:Bad order:4 14.0 19
DEBUG:root:Bad order:19 7.0 16
DEBUG:root:Bad order:15 4.0 7
DEBUG:root:Finish turn

DEBUG:root:Order:11 8 64.0
DEBUG:root:Bad order:2 28.0 45
DEBUG:root:Bad order:4 16.0 33
DEBUG:root:Bad order:19 10.0 29
DEBUG:root:Bad order:15 7.0 22
DEBUG:root:Finish turn

DEBUG:root:Bad order:2 33.0 47
DEBUG:root:Bad order:4 18.0 32
DEBUG:root:Bad order:19 11.0 27
DEBUG:root:Bad order:15 10.0 22
DEBUG:root:Finish turn

DEBUG:root:Bad order:2 38.0 50
DEBUG:root:Bad order:4 20.0 32
DEBUG:root:Bad order:19 12.0 26
DEBUG:root:Bad order:15 13.0 23
DEBUG:root:Finish turn

DEBUG:root:Bad order:2 43.0 52
DEBUG:root:Bad order:4 22.0 31
DEBUG:root:Bad order:19 13.0 24
DEBUG:root:Bad order:15 16.0 23
DEBUG:root:Finish turn

DEBUG:root:Bad order:2 48.0 55
DEBUG:root:Bad order:4 24.0 31
DEBUG:root:Bad order:15 19.0 24
DEBUG:root:Bad order:19 14.0 23
DEBUG:root:Finish turn

DEBUG:root:Bad order:2 53.0 57
DEBUG:root:Bad order:4 26.0 30
DEBUG:root:Bad order:15 22.0 24
DEBUG:root:Bad order:19 19.0 21
DEBUG:root:Finish turn

DEBUG:root:Bad order:2 58.0 60
DEBUG:root:Bad order:4 28.0 30
DEBUG:root:Order:15 9 25
DEBUG:root:Order:19 9 20
DEBUG:root:Finish turn

DEBUG:root:Order:2 11 51
DEBUG:root:Bad order:2 12.0 22
DEBUG:root:Bad order:2 12.0 16
DEBUG:root:Order:2 19 1
DEBUG:root:Finish turn

DEBUG:root:Order:4 19 22
DEBUG:root:Bad order:4 12.0 19
DEBUG:root:Bad order:4 12.0 14
DEBUG:root:Bad order:4 12.0 32
DEBUG:root:Order:2 8 16
DEBUG:root:Order:11 8 4
DEBUG:root:Order:15 8 4
DEBUG:root:Finish turn

DEBUG:root:Order:4 9 12
DEBUG:root:Order:2 9 5
DEBUG:root:Bad order:2 2.0 5
DEBUG:root:Order:11 0 4
DEBUG:root:Order:14 0 3
DEBUG:root:Order:15 0 3
DEBUG:root:Order:8 0 2
DEBUG:root:Finish turn

DEBUG:root:Order:11 17 69.0
DEBUG:root:Bad order:2 7.0 13
DEBUG:root:Bad order:14 6.0 12
DEBUG:root:Bad order:15 5.0 11
DEBUG:root:Bad order:4 4.0 10
DEBUG:root:Order:9 11 9
DEBUG:root:Bad order:19 4.0 9
DEBUG:root:Order:0 11 7
DEBUG:root:Finish turn

DEBUG:root:Bad order:2 12.0 17
DEBUG:root:Bad order:14 10.0 15
DEBUG:root:Bad order:15 8.0 13
DEBUG:root:Bad order:4 6.0 11
DEBUG:root:Bad order:19 5.0 9
DEBUG:root:Bad order:13 1.0 6
DEBUG:root:Order:9 11 1
DEBUG:root:Finish turn

DEBUG:root:Bad order:2 17.0 24
DEBUG:root:Bad order:14 14.0 21
DEBUG:root:Bad order:15 11.0 18
DEBUG:root:Bad order:4 8.0 15
DEBUG:root:Bad order:19 7.0 12
DEBUG:root:Order:9 8 4
DEBUG:root:Finish turn

DEBUG:root:Bad order:2 22.0 26
DEBUG:root:Bad order:14 18.0 22
DEBUG:root:Bad order:15 14.0 18
DEBUG:root:Bad order:4 10.0 14
DEBUG:root:Order:19 13 10
DEBUG:root:Finish turn

DEBUG:root:Bad order:2 27.0 29
DEBUG:root:Bad order:14 22.0 24
DEBUG:root:Bad order:15 17.0 19
DEBUG:root:Bad order:4 12.0 14
DEBUG:root:Finish turn

DEBUG:root:Bad order:2 32.0 33
DEBUG:root:Bad order:14 26.0 27
DEBUG:root:Bad order:15 20.0 21
DEBUG:root:Finish turn

DEBUG:root:Bad order:2 37.0 40
DEBUG:root:Bad order:14 30.0 33
DEBUG:root:Bad order:15 23.0 26
DEBUG:root:Order:9 8 4
DEBUG:root:Order:19 8 2
DEBUG:root:Finish turn

DEBUG:root:Bad order:2 42.0 46
DEBUG:root:Bad order:14 34.0 38
DEBUG:root:Bad order:15 26.0 30
DEBUG:root:Bad order:9 2.0 3
DEBUG:root:Order:19 8 2
DEBUG:root:Order:4 8 1
DEBUG:root:Finish turn

DEBUG:root:Bad order:2 47.0 54
DEBUG:root:Bad order:14 38.0 45
DEBUG:root:Bad order:15 29.0 36
DEBUG:root:Order:19 8 4
DEBUG:root:Finish turn

DEBUG:root:Order:2 8 51
DEBUG:root:Order:14 8 41
DEBUG:root:Order:15 8 23
DEBUG:root:Order:15 19 6
DEBUG:root:Order:15 13 3
DEBUG:root:Finish turn

DEBUG:root:Bad order:2 6.0 9
DEBUG:root:Bad order:14 5.0 8
DEBUG:root:Order:13 19 7
DEBUG:root:Bad order:15 3.0 6
DEBUG:root:Order:8 19 4
DEBUG:root:Finish turn

DEBUG:root:Bad order:14 9.0 23
DEBUG:root:Bad order:15 6.0 20
DEBUG:root:Order:13 17 15
DEBUG:root:Order:8 17 12
DEBUG:root:Finish turn

DEBUG:root:Bad order:14 13.0 20
DEBUG:root:Bad order:15 9.0 16
DEBUG:root:Finish turn

DEBUG:root:Bad order:15 12.0 19
DEBUG:root:Order:14 19 10
DEBUG:root:Finish turn

DEBUG:root:Order:15 19 11
DEBUG:root:Bad order:15 4.0 6
DEBUG:root:Order:15 2 1
DEBUG:root:Finish turn

DEBUG:root:Bad order:15 6.0 7
DEBUG:root:Order:14 8 2
DEBUG:root:Finish turn

DEBUG:root:Order:15 8 7
DEBUG:root:Bad order:15 2.0 3
DEBUG:root:Finish turn

DEBUG:root:Order:14 19 4
DEBUG:root:Order:14 8 1
DEBUG:root:Finish turn

DEBUG:root:Order:15 8 2
DEBUG:root:Order:15 19 2
DEBUG:root:Finish turn

DEBUG:root:Order:14 8 1
DEBUG:root:Order:14 19 1
DEBUG:root:Order:14 15 2
DEBUG:root:Finish turn

DEBUG:root:Order:8 22 76.0
DEBUG:root:Bad order:15 10.0 21
DEBUG:root:Order:14 8 19
DEBUG:root:Order:19 8 17
DEBUG:root:Finish turn

DEBUG:root:Order:15 19 8
DEBUG:root:Order:15 14 5
DEBUG:root:Finish turn

DEBUG:root:Order:15 19 1
DEBUG:root:Finish turn

DEBUG:root:Order:14 8 11
DEBUG:root:Bad order:15 5.0 10
DEBUG:root:Order:19 8 6
DEBUG:root:Finish turn

DEBUG:root:Order:15 19 5
DEBUG:root:Order:15 14 2
DEBUG:root:Finish turn

DEBUG:root:Order:14 19 1
DEBUG:root:Finish turn

DEBUG:root:Order:14 19 1
DEBUG:root:Finish turn

DEBUG:root:Bad order:15 10.0 25
DEBUG:root:Order:19 14 21
DEBUG:root:Bad order:22 1.0 14
DEBUG:root:Finish turn

DEBUG:root:Bad order:15 13.0 28
DEBUG:root:Bad order:15 13.0 18
DEBUG:root:Finish turn

DEBUG:root:Bad order:15 16.0 48
DEBUG:root:Order:19 22 19
DEBUG:root:Finish turn

DEBUG:root:Bad order:15 19.0 63
DEBUG:root:Bad order:19 11.0 13
DEBUG:root:Finish turn

DEBUG:root:Bad order:15 22.0 72
DEBUG:root:Bad order:19 12.0 20
DEBUG:root:Order:14 22 10
DEBUG:root:Finish turn

DEBUG:root:Bad order:15 27.0 79
DEBUG:root:Order:14 22 8
DEBUG:root:Finish turn

DEBUG:root:Bad order:15 30.0 79
DEBUG:root:Order:14 22 1
DEBUG:root:Finish turn

DEBUG:root:Bad order:15 33.0 78
DEBUG:root:Finish turn

DEBUG:root:Bad order:15 36.0 78
DEBUG:root:Order:14 22 1
DEBUG:root:Finish turn

DEBUG:root:Bad order:15 39.0 78
DEBUG:root:Order:14 22 1
DEBUG:root:Finish turn

DEBUG:root:Bad order:15 42.0 77
DEBUG:root:Finish turn

DEBUG:root:Bad order:15 45.0 77
DEBUG:root:Order:14 22 1
DEBUG:root:Finish turn

DEBUG:root:Bad order:15 48.0 77
DEBUG:root:Order:14 22 1
DEBUG:root:Finish turn

DEBUG:root:Bad order:15 51.0 90
DEBUG:root:Order:14 22 14
DEBUG:root:Finish turn

DEBUG:root:Order:15 14 44
DEBUG:root:Finish turn

DEBUG:root:Finish turn

DEBUG:root:Order:14 15 24
DEBUG:root:Finish turn

DEBUG:root:Finish turn

DEBUG:root:Order:14 15 1
DEBUG:root:Finish turn

DEBUG:root:Finish turn

DEBUG:root:Finish turn

DEBUG:root:Finish turn

DEBUG:root:Finish turn

DEBUG:root:Finish turn

DEBUG:root:Finish turn

DEBUG:root:Finish turn

DEBUG:root:Finish turn

DEBUG:root:Finish turn

DEBUG:root:Finish turn

DEBUG:root:Finish turn

DEBUG:root:Finish turn

DEBUG:root:Finish turn

DEBUG:root:Finish turn

DEBUG:root:Finish turn

DEBUG:root:Finish turn

DEBUG:root:Finish turn

DEBUG:root:Finish turn

DEBUG:root:Finish turn

